21-Jan-2026 08:01:09.324 INFO [main] org.apache.catalina.startup.VersionLoggerListener.log Server version name:   Apache Tomcat/9.0.112
21-Jan-2026 08:01:09.336 INFO [main] org.apache.catalina.startup.VersionLoggerListener.log Server built:          Nov 6 2025 07:46:18 UTC
21-Jan-2026 08:01:09.336 INFO [main] org.apache.catalina.startup.VersionLoggerListener.log Server version number: 9.0.112.0
21-Jan-2026 08:01:09.336 INFO [main] org.apache.catalina.startup.VersionLoggerListener.log OS Name:               Windows 11
21-Jan-2026 08:01:09.337 INFO [main] org.apache.catalina.startup.VersionLoggerListener.log OS Version:            10.0
21-Jan-2026 08:01:09.337 INFO [main] org.apache.catalina.startup.VersionLoggerListener.log Architecture:          amd64
21-Jan-2026 08:01:09.338 INFO [main] org.apache.catalina.startup.VersionLoggerListener.log Java Home:             C:\Program Files\Java\jdk-24
21-Jan-2026 08:01:09.338 INFO [main] org.apache.catalina.startup.VersionLoggerListener.log JVM Version:           24+36-3646
21-Jan-2026 08:01:09.338 INFO [main] org.apache.catalina.startup.VersionLoggerListener.log JVM Vendor:            Oracle Corporation
21-Jan-2026 08:01:09.338 INFO [main] org.apache.catalina.startup.VersionLoggerListener.log CATALINA_BASE:         C:\Users\ASUS\OneDrive\Desktop\projects\Java\MyServletApp
21-Jan-2026 08:01:09.339 INFO [main] org.apache.catalina.startup.VersionLoggerListener.log CATALINA_HOME:         C:\Users\ASUS\Downloads\apache-tomcat-9.0.112\apache-tomcat-9.0.112
21-Jan-2026 08:01:09.373 INFO [main] org.apache.catalina.startup.VersionLoggerListener.log Command line argument: --add-opens=java.base/java.lang=ALL-UNNAMED
21-Jan-2026 08:01:09.373 INFO [main] org.apache.catalina.startup.VersionLoggerListener.log Command line argument: --add-opens=java.base/java.io=ALL-UNNAMED
21-Jan-2026 08:01:09.374 INFO [main] org.apache.catalina.startup.VersionLoggerListener.log Command line argument: --add-opens=java.base/java.util=ALL-UNNAMED
21-Jan-2026 08:01:09.374 INFO [main] org.apache.catalina.startup.VersionLoggerListener.log Command line argument: --add-opens=java.base/java.util.concurrent=ALL-UNNAMED
21-Jan-2026 08:01:09.375 INFO [main] org.apache.catalina.startup.VersionLoggerListener.log Command line argument: --add-opens=java.rmi/sun.rmi.transport=ALL-UNNAMED
21-Jan-2026 08:01:09.375 INFO [main] org.apache.catalina.startup.VersionLoggerListener.log Command line argument: -Dcatalina.home=C:\Users\ASUS\Downloads\apache-tomcat-9.0.112\apache-tomcat-9.0.112
21-Jan-2026 08:01:09.376 INFO [main] org.apache.catalina.startup.VersionLoggerListener.log Command line argument: -Dcatalina.base=C:\Users\ASUS\OneDrive\Desktop\projects\Java\MyServletApp
21-Jan-2026 08:01:09.376 INFO [main] org.apache.catalina.startup.VersionLoggerListener.log Command line argument: -Djava.io.tmpdir=C:\Users\ASUS\OneDrive\Desktop\projects\Java\MyServletApp\temp
21-Jan-2026 08:01:09.376 INFO [main] org.apache.catalina.startup.VersionLoggerListener.log Command line argument: -Djava.util.logging.config.file=C:\Users\ASUS\OneDrive\Desktop\projects\Java\MyServletApp\conf\logging.properties
21-Jan-2026 08:01:09.377 INFO [main] org.apache.catalina.startup.VersionLoggerListener.log Command line argument: -Djava.util.logging.manager=org.apache.juli.ClassLoaderLogManager
21-Jan-2026 08:01:09.378 INFO [main] org.apache.catalina.startup.VersionLoggerListener.log Command line argument: -javaagent:C:\Program Files\JetBrains\IntelliJ IDEA Community Edition 2025.2.5\lib\idea_rt.jar=55720
21-Jan-2026 08:01:09.378 INFO [main] org.apache.catalina.startup.VersionLoggerListener.log Command line argument: -Dfile.encoding=UTF-8
21-Jan-2026 08:01:09.378 INFO [main] org.apache.catalina.startup.VersionLoggerListener.log Command line argument: -Dsun.stdout.encoding=UTF-8
21-Jan-2026 08:01:09.379 INFO [main] org.apache.catalina.startup.VersionLoggerListener.log Command line argument: -Dsun.stderr.encoding=UTF-8
21-Jan-2026 08:01:09.483 INFO [main] org.apache.catalina.core.AprLifecycleListener.lifecycleEvent The Apache Tomcat Native library which allows using OpenSSL was not found on the java.library.path: [C:\Program Files\Java\jdk-24\bin;C:\WINDOWS\Sun\Java\bin;C:\WINDOWS\system32;C:\WINDOWS;C:\Program Files\Common Files\Oracle\Java\javapath;C:\Program Files\Eclipse Adoptium\jdk-21.0.6.7-hotspot\bin;C:\Users\ASUS\AppData\Roaming\Microsoft\Windows\Start Menu\Programs\Python\Python39\Scripts;C:\WINDOWS;C:\WINDOWS\System32\Wbem;C:\WINDOWS\System32\WindowsPowerShell\v1.0\;C:\WINDOWS\System32\OpenSSH\;C:\Program Files\Git\cmd;C:\Program Files\Git\mingw64\bin;C:\Program Files\Git\usr\bin;C:\Program Files\CMake\bin;C:\WINDOWS\system32;C:\Program Files\nodejs\;C:\MinGW\bin;C:\Program Files\MySQL\MySQL Server 8.0\bin;C:\Program Files (x86)\sqlite3;C:\Program Files (x86)\Yarn\bin\;C:\Users\ASUS\AppData\Roaming\npm;C:\msys64\home\ASUS\.local\share\gem\ruby\3.3.0\bin;C:\Ruby32-x64\bin;C:\Ruby32-x64\msys64\usr\bin;C:\Program Files\Go\bin;C:\Program Files\k6\;C:\Ruby32-x64\bin;C:\RailsInstaller\Ruby3.1.2\bin;C:\Program Files (x86)\RailsInstaller\Ruby3.1.2\bin;C:\Users\ASUS\.pyenv\pyenv-win\bin;C:\Users\ASUS\.pyenv\pyenv-win\shims;C:\Program Files\MySQL\MySQL Shell 8.0\bin\;C:\Users\ASUS\AppData\Local\Programs\Python\Python38\Scripts\;C:\Users\ASUS\AppData\Local\Programs\Python\Python38\;C:\Users\ASUS\AppData\Local\Programs\Python\Python37-32\Scripts\;C:\Users\ASUS\AppData\Local\Programs\Python\Python37-32\;C:\Users\ASUS\AppData\Local\Programs\Python\Python38-32\Scripts\;C:\Users\ASUS\AppData\Local\Programs\Python\Python38-32\;C:\Users\ASUS\AppData\Local\Programs\Python\Python310\Scripts\;C:\Users\ASUS\AppData\Local\Programs\Python\Python310\;C:\Users\ASUS\AppData\Local\Microsoft\WindowsApps;C:\Program Files\sfdx\bin;C:\Program Files\JetBrains\PyCharm Community Edition 2022.2.1\bin;C:\Program Files\CMake\bin;C:\Users\ASUS\anaconda3\Scripts;C:\UsersASUS\anaconda3;C:\UsersASUS\anaconda3\Library\bin;C:\Users\ASUS\AppData\Roaming\Microsoft\Windows\Start Menu\Programs;C:\ProgramData\Anaconda3\Scripts;C:\Program Files\PostgreSQL\14\bin;C:\Users\ASUS\AppData\Local\Programs\Microsoft VS Code\bin;C:\Users\ASUS\Envs\ml2\Lib\site-packages\cv2;C:\Users\ASUS\AppData\Roaming\npm;C:\Users\ASUS\Downloads\protoc-22.0-win64\bin;C:\Users\ASUS\AppData\Local\Yarn\bin;C:\Users\ASUS\go\bin;C:\Program Files\Java\jdk-24\bin;C:\Program Files\JetBrains\IntelliJ IDEA Community Edition 2025.2.5\bin;C:\Users\ASUS\AppData\Local\Microsoft\WindowsApps;;.]
21-Jan-2026 08:01:10.964 INFO [main] org.apache.coyote.AbstractProtocol.init Initializing ProtocolHandler ["http-nio-8080"]
21-Jan-2026 08:01:11.032 INFO [main] org.apache.catalina.startup.Catalina.load Server initialization in [2652] milliseconds
21-Jan-2026 08:01:11.268 INFO [main] org.apache.catalina.core.StandardService.startInternal Starting service [Catalina]
21-Jan-2026 08:01:11.269 INFO [main] org.apache.catalina.core.StandardEngine.startInternal Starting Servlet engine: [Apache Tomcat/9.0.112]
21-Jan-2026 08:01:11.307 INFO [main] org.apache.catalina.startup.HostConfig.deployDescriptor Deploying deployment descriptor [C:\Users\ASUS\OneDrive\Desktop\projects\Java\MyServletApp\conf\Catalina\localhost\MyServletApp.xml]
21-Jan-2026 08:01:15.116 INFO [main] org.apache.jasper.servlet.TldScanner.scanJars At least one JAR was scanned for TLDs yet contained no TLDs. Enable debug logging for this logger for a complete list of JARs that were scanned but no TLDs were found in them. Skipping unneeded JARs during scanning can improve startup time and JSP compilation time.
21-Jan-2026 08:01:15.233 INFO [main] org.apache.catalina.startup.HostConfig.deployDescriptor Deployment of deployment descriptor [C:\Users\ASUS\OneDrive\Desktop\projects\Java\MyServletApp\conf\Catalina\localhost\MyServletApp.xml] has finished in [3,925] ms
21-Jan-2026 08:01:15.240 INFO [main] org.apache.coyote.AbstractProtocol.start Starting ProtocolHandler ["http-nio-8080"]
21-Jan-2026 08:01:15.288 INFO [main] org.apache.catalina.startup.Catalina.start Server startup in [4244] milliseconds
21-Jan-2026 08:26:14.767 INFO [Thread-1] org.apache.coyote.AbstractProtocol.pause Pausing ProtocolHandler ["http-nio-8080"]
21-Jan-2026 08:26:14.857 INFO [Thread-1] org.apache.catalina.core.StandardService.stopInternal Stopping service [Catalina]
21-Jan-2026 08:26:15.081 INFO [Thread-1] org.apache.coyote.AbstractProtocol.stop Stopping ProtocolHandler ["http-nio-8080"]
21-Jan-2026 08:26:15.101 INFO [Thread-1] org.apache.coyote.AbstractProtocol.destroy Destroying ProtocolHandler ["http-nio-8080"]
21-Jan-2026 08:26:23.175 INFO [main] org.apache.catalina.startup.VersionLoggerListener.log Server version name:   Apache Tomcat/9.0.112
21-Jan-2026 08:26:23.180 INFO [main] org.apache.catalina.startup.VersionLoggerListener.log Server built:          Nov 6 2025 07:46:18 UTC
21-Jan-2026 08:26:23.180 INFO [main] org.apache.catalina.startup.VersionLoggerListener.log Server version number: 9.0.112.0
21-Jan-2026 08:26:23.180 INFO [main] org.apache.catalina.startup.VersionLoggerListener.log OS Name:               Windows 11
21-Jan-2026 08:26:23.181 INFO [main] org.apache.catalina.startup.VersionLoggerListener.log OS Version:            10.0
21-Jan-2026 08:26:23.181 INFO [main] org.apache.catalina.startup.VersionLoggerListener.log Architecture:          amd64
21-Jan-2026 08:26:23.181 INFO [main] org.apache.catalina.startup.VersionLoggerListener.log Java Home:             C:\Program Files\Java\jdk-24
21-Jan-2026 08:26:23.181 INFO [main] org.apache.catalina.startup.VersionLoggerListener.log JVM Version:           24+36-3646
21-Jan-2026 08:26:23.181 INFO [main] org.apache.catalina.startup.VersionLoggerListener.log JVM Vendor:            Oracle Corporation
21-Jan-2026 08:26:23.181 INFO [main] org.apache.catalina.startup.VersionLoggerListener.log CATALINA_BASE:         C:\Users\ASUS\OneDrive\Desktop\projects\Java\MyServletApp
21-Jan-2026 08:26:23.181 INFO [main] org.apache.catalina.startup.VersionLoggerListener.log CATALINA_HOME:         C:\Users\ASUS\Downloads\apache-tomcat-9.0.112\apache-tomcat-9.0.112
21-Jan-2026 08:26:23.196 INFO [main] org.apache.catalina.startup.VersionLoggerListener.log Command line argument: --add-opens=java.base/java.lang=ALL-UNNAMED
21-Jan-2026 08:26:23.196 INFO [main] org.apache.catalina.startup.VersionLoggerListener.log Command line argument: --add-opens=java.base/java.io=ALL-UNNAMED
21-Jan-2026 08:26:23.196 INFO [main] org.apache.catalina.startup.VersionLoggerListener.log Command line argument: --add-opens=java.base/java.util=ALL-UNNAMED
21-Jan-2026 08:26:23.196 INFO [main] org.apache.catalina.startup.VersionLoggerListener.log Command line argument: --add-opens=java.base/java.util.concurrent=ALL-UNNAMED
21-Jan-2026 08:26:23.197 INFO [main] org.apache.catalina.startup.VersionLoggerListener.log Command line argument: --add-opens=java.rmi/sun.rmi.transport=ALL-UNNAMED
21-Jan-2026 08:26:23.197 INFO [main] org.apache.catalina.startup.VersionLoggerListener.log Command line argument: -Dcatalina.home=C:\Users\ASUS\Downloads\apache-tomcat-9.0.112\apache-tomcat-9.0.112
21-Jan-2026 08:26:23.197 INFO [main] org.apache.catalina.startup.VersionLoggerListener.log Command line argument: -Dcatalina.base=C:\Users\ASUS\OneDrive\Desktop\projects\Java\MyServletApp
21-Jan-2026 08:26:23.197 INFO [main] org.apache.catalina.startup.VersionLoggerListener.log Command line argument: -Djava.io.tmpdir=C:\Users\ASUS\OneDrive\Desktop\projects\Java\MyServletApp\temp
21-Jan-2026 08:26:23.197 INFO [main] org.apache.catalina.startup.VersionLoggerListener.log Command line argument: -Djava.util.logging.config.file=C:\Users\ASUS\OneDrive\Desktop\projects\Java\MyServletApp\conf\logging.properties
21-Jan-2026 08:26:23.197 INFO [main] org.apache.catalina.startup.VersionLoggerListener.log Command line argument: -Djava.util.logging.manager=org.apache.juli.ClassLoaderLogManager
21-Jan-2026 08:26:23.197 INFO [main] org.apache.catalina.startup.VersionLoggerListener.log Command line argument: -javaagent:C:\Program Files\JetBrains\IntelliJ IDEA Community Edition 2025.2.5\lib\idea_rt.jar=51418
21-Jan-2026 08:26:23.198 INFO [main] org.apache.catalina.startup.VersionLoggerListener.log Command line argument: -Dfile.encoding=UTF-8
21-Jan-2026 08:26:23.198 INFO [main] org.apache.catalina.startup.VersionLoggerListener.log Command line argument: -Dsun.stdout.encoding=UTF-8
21-Jan-2026 08:26:23.198 INFO [main] org.apache.catalina.startup.VersionLoggerListener.log Command line argument: -Dsun.stderr.encoding=UTF-8
21-Jan-2026 08:26:23.228 INFO [main] org.apache.catalina.core.AprLifecycleListener.lifecycleEvent The Apache Tomcat Native library which allows using OpenSSL was not found on the java.library.path: [C:\Program Files\Java\jdk-24\bin;C:\WINDOWS\Sun\Java\bin;C:\WINDOWS\system32;C:\WINDOWS;C:\Program Files\Common Files\Oracle\Java\javapath;C:\Program Files\Eclipse Adoptium\jdk-21.0.6.7-hotspot\bin;C:\Users\ASUS\AppData\Roaming\Microsoft\Windows\Start Menu\Programs\Python\Python39\Scripts;C:\WINDOWS;C:\WINDOWS\System32\Wbem;C:\WINDOWS\System32\WindowsPowerShell\v1.0\;C:\WINDOWS\System32\OpenSSH\;C:\Program Files\Git\cmd;C:\Program Files\Git\mingw64\bin;C:\Program Files\Git\usr\bin;C:\Program Files\CMake\bin;C:\WINDOWS\system32;C:\Program Files\nodejs\;C:\MinGW\bin;C:\Program Files\MySQL\MySQL Server 8.0\bin;C:\Program Files (x86)\sqlite3;C:\Program Files (x86)\Yarn\bin\;C:\Users\ASUS\AppData\Roaming\npm;C:\msys64\home\ASUS\.local\share\gem\ruby\3.3.0\bin;C:\Ruby32-x64\bin;C:\Ruby32-x64\msys64\usr\bin;C:\Program Files\Go\bin;C:\Program Files\k6\;C:\Ruby32-x64\bin;C:\RailsInstaller\Ruby3.1.2\bin;C:\Program Files (x86)\RailsInstaller\Ruby3.1.2\bin;C:\Users\ASUS\.pyenv\pyenv-win\bin;C:\Users\ASUS\.pyenv\pyenv-win\shims;C:\Program Files\MySQL\MySQL Shell 8.0\bin\;C:\Users\ASUS\AppData\Local\Programs\Python\Python38\Scripts\;C:\Users\ASUS\AppData\Local\Programs\Python\Python38\;C:\Users\ASUS\AppData\Local\Programs\Python\Python37-32\Scripts\;C:\Users\ASUS\AppData\Local\Programs\Python\Python37-32\;C:\Users\ASUS\AppData\Local\Programs\Python\Python38-32\Scripts\;C:\Users\ASUS\AppData\Local\Programs\Python\Python38-32\;C:\Users\ASUS\AppData\Local\Programs\Python\Python310\Scripts\;C:\Users\ASUS\AppData\Local\Programs\Python\Python310\;C:\Users\ASUS\AppData\Local\Microsoft\WindowsApps;C:\Program Files\sfdx\bin;C:\Program Files\JetBrains\PyCharm Community Edition 2022.2.1\bin;C:\Program Files\CMake\bin;C:\Users\ASUS\anaconda3\Scripts;C:\UsersASUS\anaconda3;C:\UsersASUS\anaconda3\Library\bin;C:\Users\ASUS\AppData\Roaming\Microsoft\Windows\Start Menu\Programs;C:\ProgramData\Anaconda3\Scripts;C:\Program Files\PostgreSQL\14\bin;C:\Users\ASUS\AppData\Local\Programs\Microsoft VS Code\bin;C:\Users\ASUS\Envs\ml2\Lib\site-packages\cv2;C:\Users\ASUS\AppData\Roaming\npm;C:\Users\ASUS\Downloads\protoc-22.0-win64\bin;C:\Users\ASUS\AppData\Local\Yarn\bin;C:\Users\ASUS\go\bin;C:\Program Files\Java\jdk-24\bin;C:\Program Files\JetBrains\IntelliJ IDEA Community Edition 2025.2.5\bin;C:\Users\ASUS\AppData\Local\Microsoft\WindowsApps;;.]
21-Jan-2026 08:26:23.870 INFO [main] org.apache.coyote.AbstractProtocol.init Initializing ProtocolHandler ["http-nio-8080"]
21-Jan-2026 08:26:23.901 INFO [main] org.apache.catalina.startup.Catalina.load Server initialization in [1128] milliseconds
21-Jan-2026 08:26:23.981 INFO [main] org.apache.catalina.core.StandardService.startInternal Starting service [Catalina]
21-Jan-2026 08:26:23.982 INFO [main] org.apache.catalina.core.StandardEngine.startInternal Starting Servlet engine: [Apache Tomcat/9.0.112]
21-Jan-2026 08:26:24.000 INFO [main] org.apache.catalina.startup.HostConfig.deployDescriptor Deploying deployment descriptor [C:\Users\ASUS\OneDrive\Desktop\projects\Java\MyServletApp\conf\Catalina\localhost\MyServletApp.xml]
21-Jan-2026 08:26:25.682 INFO [main] org.apache.jasper.servlet.TldScanner.scanJars At least one JAR was scanned for TLDs yet contained no TLDs. Enable debug logging for this logger for a complete list of JARs that were scanned but no TLDs were found in them. Skipping unneeded JARs during scanning can improve startup time and JSP compilation time.
21-Jan-2026 08:26:25.769 INFO [main] org.apache.catalina.startup.HostConfig.deployDescriptor Deployment of deployment descriptor [C:\Users\ASUS\OneDrive\Desktop\projects\Java\MyServletApp\conf\Catalina\localhost\MyServletApp.xml] has finished in [1,768] ms
21-Jan-2026 08:26:25.775 INFO [main] org.apache.coyote.AbstractProtocol.start Starting ProtocolHandler ["http-nio-8080"]
21-Jan-2026 08:26:25.807 INFO [main] org.apache.catalina.startup.Catalina.start Server startup in [1903] milliseconds
21-Jan-2026 08:27:21.696 INFO [Thread-1] org.apache.coyote.AbstractProtocol.pause Pausing ProtocolHandler ["http-nio-8080"]
21-Jan-2026 08:27:21.706 INFO [Thread-1] org.apache.catalina.core.StandardService.stopInternal Stopping service [Catalina]
21-Jan-2026 08:27:21.723 INFO [Thread-1] org.apache.coyote.AbstractProtocol.stop Stopping ProtocolHandler ["http-nio-8080"]
21-Jan-2026 08:27:21.730 INFO [Thread-1] org.apache.coyote.AbstractProtocol.destroy Destroying ProtocolHandler ["http-nio-8080"]
21-Jan-2026 08:27:28.356 INFO [main] org.apache.catalina.startup.VersionLoggerListener.log Server version name:   Apache Tomcat/9.0.112
21-Jan-2026 08:27:28.362 INFO [main] org.apache.catalina.startup.VersionLoggerListener.log Server built:          Nov 6 2025 07:46:18 UTC
21-Jan-2026 08:27:28.362 INFO [main] org.apache.catalina.startup.VersionLoggerListener.log Server version number: 9.0.112.0
21-Jan-2026 08:27:28.362 INFO [main] org.apache.catalina.startup.VersionLoggerListener.log OS Name:               Windows 11
21-Jan-2026 08:27:28.362 INFO [main] org.apache.catalina.startup.VersionLoggerListener.log OS Version:            10.0
21-Jan-2026 08:27:28.363 INFO [main] org.apache.catalina.startup.VersionLoggerListener.log Architecture:          amd64
21-Jan-2026 08:27:28.363 INFO [main] org.apache.catalina.startup.VersionLoggerListener.log Java Home:             C:\Program Files\Java\jdk-24
21-Jan-2026 08:27:28.363 INFO [main] org.apache.catalina.startup.VersionLoggerListener.log JVM Version:           24+36-3646
21-Jan-2026 08:27:28.363 INFO [main] org.apache.catalina.startup.VersionLoggerListener.log JVM Vendor:            Oracle Corporation
21-Jan-2026 08:27:28.363 INFO [main] org.apache.catalina.startup.VersionLoggerListener.log CATALINA_BASE:         C:\Users\ASUS\OneDrive\Desktop\projects\Java\MyServletApp
21-Jan-2026 08:27:28.363 INFO [main] org.apache.catalina.startup.VersionLoggerListener.log CATALINA_HOME:         C:\Users\ASUS\Downloads\apache-tomcat-9.0.112\apache-tomcat-9.0.112
21-Jan-2026 08:27:28.389 INFO [main] org.apache.catalina.startup.VersionLoggerListener.log Command line argument: --add-opens=java.base/java.lang=ALL-UNNAMED
21-Jan-2026 08:27:28.389 INFO [main] org.apache.catalina.startup.VersionLoggerListener.log Command line argument: --add-opens=java.base/java.io=ALL-UNNAMED
21-Jan-2026 08:27:28.389 INFO [main] org.apache.catalina.startup.VersionLoggerListener.log Command line argument: --add-opens=java.base/java.util=ALL-UNNAMED
21-Jan-2026 08:27:28.389 INFO [main] org.apache.catalina.startup.VersionLoggerListener.log Command line argument: --add-opens=java.base/java.util.concurrent=ALL-UNNAMED
21-Jan-2026 08:27:28.390 INFO [main] org.apache.catalina.startup.VersionLoggerListener.log Command line argument: --add-opens=java.rmi/sun.rmi.transport=ALL-UNNAMED
21-Jan-2026 08:27:28.390 INFO [main] org.apache.catalina.startup.VersionLoggerListener.log Command line argument: -Dcatalina.home=C:\Users\ASUS\Downloads\apache-tomcat-9.0.112\apache-tomcat-9.0.112
21-Jan-2026 08:27:28.390 INFO [main] org.apache.catalina.startup.VersionLoggerListener.log Command line argument: -Dcatalina.base=C:\Users\ASUS\OneDrive\Desktop\projects\Java\MyServletApp
21-Jan-2026 08:27:28.390 INFO [main] org.apache.catalina.startup.VersionLoggerListener.log Command line argument: -Djava.io.tmpdir=C:\Users\ASUS\OneDrive\Desktop\projects\Java\MyServletApp\temp
21-Jan-2026 08:27:28.390 INFO [main] org.apache.catalina.startup.VersionLoggerListener.log Command line argument: -Djava.util.logging.config.file=C:\Users\ASUS\OneDrive\Desktop\projects\Java\MyServletApp\conf\logging.properties
21-Jan-2026 08:27:28.390 INFO [main] org.apache.catalina.startup.VersionLoggerListener.log Command line argument: -Djava.util.logging.manager=org.apache.juli.ClassLoaderLogManager
21-Jan-2026 08:27:28.390 INFO [main] org.apache.catalina.startup.VersionLoggerListener.log Command line argument: -javaagent:C:\Program Files\JetBrains\IntelliJ IDEA Community Edition 2025.2.5\lib\idea_rt.jar=60232
21-Jan-2026 08:27:28.390 INFO [main] org.apache.catalina.startup.VersionLoggerListener.log Command line argument: -Dfile.encoding=UTF-8
21-Jan-2026 08:27:28.391 INFO [main] org.apache.catalina.startup.VersionLoggerListener.log Command line argument: -Dsun.stdout.encoding=UTF-8
21-Jan-2026 08:27:28.392 INFO [main] org.apache.catalina.startup.VersionLoggerListener.log Command line argument: -Dsun.stderr.encoding=UTF-8
21-Jan-2026 08:27:28.424 INFO [main] org.apache.catalina.core.AprLifecycleListener.lifecycleEvent The Apache Tomcat Native library which allows using OpenSSL was not found on the java.library.path: [C:\Program Files\Java\jdk-24\bin;C:\WINDOWS\Sun\Java\bin;C:\WINDOWS\system32;C:\WINDOWS;C:\Program Files\Common Files\Oracle\Java\javapath;C:\Program Files\Eclipse Adoptium\jdk-21.0.6.7-hotspot\bin;C:\Users\ASUS\AppData\Roaming\Microsoft\Windows\Start Menu\Programs\Python\Python39\Scripts;C:\WINDOWS;C:\WINDOWS\System32\Wbem;C:\WINDOWS\System32\WindowsPowerShell\v1.0\;C:\WINDOWS\System32\OpenSSH\;C:\Program Files\Git\cmd;C:\Program Files\Git\mingw64\bin;C:\Program Files\Git\usr\bin;C:\Program Files\CMake\bin;C:\WINDOWS\system32;C:\Program Files\nodejs\;C:\MinGW\bin;C:\Program Files\MySQL\MySQL Server 8.0\bin;C:\Program Files (x86)\sqlite3;C:\Program Files (x86)\Yarn\bin\;C:\Users\ASUS\AppData\Roaming\npm;C:\msys64\home\ASUS\.local\share\gem\ruby\3.3.0\bin;C:\Ruby32-x64\bin;C:\Ruby32-x64\msys64\usr\bin;C:\Program Files\Go\bin;C:\Program Files\k6\;C:\Ruby32-x64\bin;C:\RailsInstaller\Ruby3.1.2\bin;C:\Program Files (x86)\RailsInstaller\Ruby3.1.2\bin;C:\Users\ASUS\.pyenv\pyenv-win\bin;C:\Users\ASUS\.pyenv\pyenv-win\shims;C:\Program Files\MySQL\MySQL Shell 8.0\bin\;C:\Users\ASUS\AppData\Local\Programs\Python\Python38\Scripts\;C:\Users\ASUS\AppData\Local\Programs\Python\Python38\;C:\Users\ASUS\AppData\Local\Programs\Python\Python37-32\Scripts\;C:\Users\ASUS\AppData\Local\Programs\Python\Python37-32\;C:\Users\ASUS\AppData\Local\Programs\Python\Python38-32\Scripts\;C:\Users\ASUS\AppData\Local\Programs\Python\Python38-32\;C:\Users\ASUS\AppData\Local\Programs\Python\Python310\Scripts\;C:\Users\ASUS\AppData\Local\Programs\Python\Python310\;C:\Users\ASUS\AppData\Local\Microsoft\WindowsApps;C:\Program Files\sfdx\bin;C:\Program Files\JetBrains\PyCharm Community Edition 2022.2.1\bin;C:\Program Files\CMake\bin;C:\Users\ASUS\anaconda3\Scripts;C:\UsersASUS\anaconda3;C:\UsersASUS\anaconda3\Library\bin;C:\Users\ASUS\AppData\Roaming\Microsoft\Windows\Start Menu\Programs;C:\ProgramData\Anaconda3\Scripts;C:\Program Files\PostgreSQL\14\bin;C:\Users\ASUS\AppData\Local\Programs\Microsoft VS Code\bin;C:\Users\ASUS\Envs\ml2\Lib\site-packages\cv2;C:\Users\ASUS\AppData\Roaming\npm;C:\Users\ASUS\Downloads\protoc-22.0-win64\bin;C:\Users\ASUS\AppData\Local\Yarn\bin;C:\Users\ASUS\go\bin;C:\Program Files\Java\jdk-24\bin;C:\Program Files\JetBrains\IntelliJ IDEA Community Edition 2025.2.5\bin;C:\Users\ASUS\AppData\Local\Microsoft\WindowsApps;;.]
21-Jan-2026 08:27:29.038 INFO [main] org.apache.coyote.AbstractProtocol.init Initializing ProtocolHandler ["http-nio-8080"]
21-Jan-2026 08:27:29.071 INFO [main] org.apache.catalina.startup.Catalina.load Server initialization in [1026] milliseconds
21-Jan-2026 08:27:29.144 INFO [main] org.apache.catalina.core.StandardService.startInternal Starting service [Catalina]
21-Jan-2026 08:27:29.145 INFO [main] org.apache.catalina.core.StandardEngine.startInternal Starting Servlet engine: [Apache Tomcat/9.0.112]
21-Jan-2026 08:27:29.160 INFO [main] org.apache.catalina.startup.HostConfig.deployDescriptor Deploying deployment descriptor [C:\Users\ASUS\OneDrive\Desktop\projects\Java\MyServletApp\conf\Catalina\localhost\MyServletApp.xml]
21-Jan-2026 08:27:30.764 INFO [main] org.apache.jasper.servlet.TldScanner.scanJars At least one JAR was scanned for TLDs yet contained no TLDs. Enable debug logging for this logger for a complete list of JARs that were scanned but no TLDs were found in them. Skipping unneeded JARs during scanning can improve startup time and JSP compilation time.
21-Jan-2026 08:27:30.843 INFO [main] org.apache.catalina.startup.HostConfig.deployDescriptor Deployment of deployment descriptor [C:\Users\ASUS\OneDrive\Desktop\projects\Java\MyServletApp\conf\Catalina\localhost\MyServletApp.xml] has finished in [1,681] ms
21-Jan-2026 08:27:30.847 INFO [main] org.apache.coyote.AbstractProtocol.start Starting ProtocolHandler ["http-nio-8080"]
21-Jan-2026 08:27:30.882 INFO [main] org.apache.catalina.startup.Catalina.start Server startup in [1807] milliseconds
21-Jan-2026 08:28:16.146 INFO [Thread-1] org.apache.coyote.AbstractProtocol.pause Pausing ProtocolHandler ["http-nio-8080"]
21-Jan-2026 08:28:16.163 INFO [Thread-1] org.apache.catalina.core.StandardService.stopInternal Stopping service [Catalina]
21-Jan-2026 08:28:16.183 INFO [Thread-1] org.apache.coyote.AbstractProtocol.stop Stopping ProtocolHandler ["http-nio-8080"]
21-Jan-2026 08:28:16.188 INFO [Thread-1] org.apache.coyote.AbstractProtocol.destroy Destroying ProtocolHandler ["http-nio-8080"]
21-Jan-2026 08:28:24.888 INFO [main] org.apache.catalina.startup.VersionLoggerListener.log Server version name:   Apache Tomcat/9.0.112
21-Jan-2026 08:28:24.893 INFO [main] org.apache.catalina.startup.VersionLoggerListener.log Server built:          Nov 6 2025 07:46:18 UTC
21-Jan-2026 08:28:24.894 INFO [main] org.apache.catalina.startup.VersionLoggerListener.log Server version number: 9.0.112.0
21-Jan-2026 08:28:24.894 INFO [main] org.apache.catalina.startup.VersionLoggerListener.log OS Name:               Windows 11
21-Jan-2026 08:28:24.894 INFO [main] org.apache.catalina.startup.VersionLoggerListener.log OS Version:            10.0
21-Jan-2026 08:28:24.894 INFO [main] org.apache.catalina.startup.VersionLoggerListener.log Architecture:          amd64
21-Jan-2026 08:28:24.895 INFO [main] org.apache.catalina.startup.VersionLoggerListener.log Java Home:             C:\Program Files\Java\jdk-24
21-Jan-2026 08:28:24.895 INFO [main] org.apache.catalina.startup.VersionLoggerListener.log JVM Version:           24+36-3646
21-Jan-2026 08:28:24.895 INFO [main] org.apache.catalina.startup.VersionLoggerListener.log JVM Vendor:            Oracle Corporation
21-Jan-2026 08:28:24.895 INFO [main] org.apache.catalina.startup.VersionLoggerListener.log CATALINA_BASE:         C:\Users\ASUS\OneDrive\Desktop\projects\Java\MyServletApp
21-Jan-2026 08:28:24.895 INFO [main] org.apache.catalina.startup.VersionLoggerListener.log CATALINA_HOME:         C:\Users\ASUS\Downloads\apache-tomcat-9.0.112\apache-tomcat-9.0.112
21-Jan-2026 08:28:24.908 INFO [main] org.apache.catalina.startup.VersionLoggerListener.log Command line argument: --add-opens=java.base/java.lang=ALL-UNNAMED
21-Jan-2026 08:28:24.908 INFO [main] org.apache.catalina.startup.VersionLoggerListener.log Command line argument: --add-opens=java.base/java.io=ALL-UNNAMED
21-Jan-2026 08:28:24.908 INFO [main] org.apache.catalina.startup.VersionLoggerListener.log Command line argument: --add-opens=java.base/java.util=ALL-UNNAMED
21-Jan-2026 08:28:24.908 INFO [main] org.apache.catalina.startup.VersionLoggerListener.log Command line argument: --add-opens=java.base/java.util.concurrent=ALL-UNNAMED
21-Jan-2026 08:28:24.908 INFO [main] org.apache.catalina.startup.VersionLoggerListener.log Command line argument: --add-opens=java.rmi/sun.rmi.transport=ALL-UNNAMED
21-Jan-2026 08:28:24.908 INFO [main] org.apache.catalina.startup.VersionLoggerListener.log Command line argument: -Dcatalina.home=C:\Users\ASUS\Downloads\apache-tomcat-9.0.112\apache-tomcat-9.0.112
21-Jan-2026 08:28:24.909 INFO [main] org.apache.catalina.startup.VersionLoggerListener.log Command line argument: -Dcatalina.base=C:\Users\ASUS\OneDrive\Desktop\projects\Java\MyServletApp
21-Jan-2026 08:28:24.909 INFO [main] org.apache.catalina.startup.VersionLoggerListener.log Command line argument: -Djava.io.tmpdir=C:\Users\ASUS\OneDrive\Desktop\projects\Java\MyServletApp\temp
21-Jan-2026 08:28:24.909 INFO [main] org.apache.catalina.startup.VersionLoggerListener.log Command line argument: -Djava.util.logging.config.file=C:\Users\ASUS\OneDrive\Desktop\projects\Java\MyServletApp\conf\logging.properties
21-Jan-2026 08:28:24.909 INFO [main] org.apache.catalina.startup.VersionLoggerListener.log Command line argument: -Djava.util.logging.manager=org.apache.juli.ClassLoaderLogManager
21-Jan-2026 08:28:24.909 INFO [main] org.apache.catalina.startup.VersionLoggerListener.log Command line argument: -javaagent:C:\Program Files\JetBrains\IntelliJ IDEA Community Edition 2025.2.5\lib\idea_rt.jar=53226
21-Jan-2026 08:28:24.909 INFO [main] org.apache.catalina.startup.VersionLoggerListener.log Command line argument: -Dfile.encoding=UTF-8
21-Jan-2026 08:28:24.910 INFO [main] org.apache.catalina.startup.VersionLoggerListener.log Command line argument: -Dsun.stdout.encoding=UTF-8
21-Jan-2026 08:28:24.910 INFO [main] org.apache.catalina.startup.VersionLoggerListener.log Command line argument: -Dsun.stderr.encoding=UTF-8
21-Jan-2026 08:28:24.939 INFO [main] org.apache.catalina.core.AprLifecycleListener.lifecycleEvent The Apache Tomcat Native library which allows using OpenSSL was not found on the java.library.path: [C:\Program Files\Java\jdk-24\bin;C:\WINDOWS\Sun\Java\bin;C:\WINDOWS\system32;C:\WINDOWS;C:\Program Files\Common Files\Oracle\Java\javapath;C:\Program Files\Eclipse Adoptium\jdk-21.0.6.7-hotspot\bin;C:\Users\ASUS\AppData\Roaming\Microsoft\Windows\Start Menu\Programs\Python\Python39\Scripts;C:\WINDOWS;C:\WINDOWS\System32\Wbem;C:\WINDOWS\System32\WindowsPowerShell\v1.0\;C:\WINDOWS\System32\OpenSSH\;C:\Program Files\Git\cmd;C:\Program Files\Git\mingw64\bin;C:\Program Files\Git\usr\bin;C:\Program Files\CMake\bin;C:\WINDOWS\system32;C:\Program Files\nodejs\;C:\MinGW\bin;C:\Program Files\MySQL\MySQL Server 8.0\bin;C:\Program Files (x86)\sqlite3;C:\Program Files (x86)\Yarn\bin\;C:\Users\ASUS\AppData\Roaming\npm;C:\msys64\home\ASUS\.local\share\gem\ruby\3.3.0\bin;C:\Ruby32-x64\bin;C:\Ruby32-x64\msys64\usr\bin;C:\Program Files\Go\bin;C:\Program Files\k6\;C:\Ruby32-x64\bin;C:\RailsInstaller\Ruby3.1.2\bin;C:\Program Files (x86)\RailsInstaller\Ruby3.1.2\bin;C:\Users\ASUS\.pyenv\pyenv-win\bin;C:\Users\ASUS\.pyenv\pyenv-win\shims;C:\Program Files\MySQL\MySQL Shell 8.0\bin\;C:\Users\ASUS\AppData\Local\Programs\Python\Python38\Scripts\;C:\Users\ASUS\AppData\Local\Programs\Python\Python38\;C:\Users\ASUS\AppData\Local\Programs\Python\Python37-32\Scripts\;C:\Users\ASUS\AppData\Local\Programs\Python\Python37-32\;C:\Users\ASUS\AppData\Local\Programs\Python\Python38-32\Scripts\;C:\Users\ASUS\AppData\Local\Programs\Python\Python38-32\;C:\Users\ASUS\AppData\Local\Programs\Python\Python310\Scripts\;C:\Users\ASUS\AppData\Local\Programs\Python\Python310\;C:\Users\ASUS\AppData\Local\Microsoft\WindowsApps;C:\Program Files\sfdx\bin;C:\Program Files\JetBrains\PyCharm Community Edition 2022.2.1\bin;C:\Program Files\CMake\bin;C:\Users\ASUS\anaconda3\Scripts;C:\UsersASUS\anaconda3;C:\UsersASUS\anaconda3\Library\bin;C:\Users\ASUS\AppData\Roaming\Microsoft\Windows\Start Menu\Programs;C:\ProgramData\Anaconda3\Scripts;C:\Program Files\PostgreSQL\14\bin;C:\Users\ASUS\AppData\Local\Programs\Microsoft VS Code\bin;C:\Users\ASUS\Envs\ml2\Lib\site-packages\cv2;C:\Users\ASUS\AppData\Roaming\npm;C:\Users\ASUS\Downloads\protoc-22.0-win64\bin;C:\Users\ASUS\AppData\Local\Yarn\bin;C:\Users\ASUS\go\bin;C:\Program Files\Java\jdk-24\bin;C:\Program Files\JetBrains\IntelliJ IDEA Community Edition 2025.2.5\bin;C:\Users\ASUS\AppData\Local\Microsoft\WindowsApps;;.]
21-Jan-2026 08:28:25.523 INFO [main] org.apache.coyote.AbstractProtocol.init Initializing ProtocolHandler ["http-nio-8080"]
21-Jan-2026 08:28:25.549 INFO [main] org.apache.catalina.startup.Catalina.load Server initialization in [972] milliseconds
21-Jan-2026 08:28:25.620 INFO [main] org.apache.catalina.core.StandardService.startInternal Starting service [Catalina]
21-Jan-2026 08:28:25.620 INFO [main] org.apache.catalina.core.StandardEngine.startInternal Starting Servlet engine: [Apache Tomcat/9.0.112]
21-Jan-2026 08:28:25.637 INFO [main] org.apache.catalina.startup.HostConfig.deployDescriptor Deploying deployment descriptor [C:\Users\ASUS\OneDrive\Desktop\projects\Java\MyServletApp\conf\Catalina\localhost\MyServletApp.xml]
21-Jan-2026 08:28:27.200 INFO [main] org.apache.jasper.servlet.TldScanner.scanJars At least one JAR was scanned for TLDs yet contained no TLDs. Enable debug logging for this logger for a complete list of JARs that were scanned but no TLDs were found in them. Skipping unneeded JARs during scanning can improve startup time and JSP compilation time.
21-Jan-2026 08:28:27.279 INFO [main] org.apache.catalina.startup.HostConfig.deployDescriptor Deployment of deployment descriptor [C:\Users\ASUS\OneDrive\Desktop\projects\Java\MyServletApp\conf\Catalina\localhost\MyServletApp.xml] has finished in [1,640] ms
21-Jan-2026 08:28:27.285 INFO [main] org.apache.coyote.AbstractProtocol.start Starting ProtocolHandler ["http-nio-8080"]
21-Jan-2026 08:28:27.317 INFO [main] org.apache.catalina.startup.Catalina.start Server startup in [1766] milliseconds
21-Jan-2026 08:29:36.006 INFO [Thread-1] org.apache.coyote.AbstractProtocol.pause Pausing ProtocolHandler ["http-nio-8080"]
21-Jan-2026 08:29:36.022 INFO [Thread-1] org.apache.catalina.core.StandardService.stopInternal Stopping service [Catalina]
21-Jan-2026 08:29:36.033 WARNING [Thread-1] org.apache.catalina.loader.WebappClassLoaderBase.clearReferencesJdbc The web application [MyServletApp] registered the JDBC driver [com.mysql.cj.jdbc.Driver] but failed to unregister it when the web application was stopped. To prevent a memory leak, the JDBC Driver has been forcibly unregistered.
21-Jan-2026 08:29:36.034 WARNING [Thread-1] org.apache.catalina.loader.WebappClassLoaderBase.clearReferencesThreads The web application [MyServletApp] appears to have started a thread named [mysql-cj-abandoned-connection-cleanup] but has failed to stop it. This is very likely to create a memory leak. Stack trace of thread:
 java.base/java.lang.Object.wait0(Native Method)
 java.base/java.lang.Object.wait(Object.java:389)
 java.base/java.lang.ref.ReferenceQueue.remove0(ReferenceQueue.java:124)
 java.base/java.lang.ref.ReferenceQueue.remove(ReferenceQueue.java:215)
 com.mysql.cj.jdbc.AbandonedConnectionCleanupThread.run(AbandonedConnectionCleanupThread.java:84)
 java.base/java.util.concurrent.ThreadPoolExecutor.runWorker(ThreadPoolExecutor.java:1095)
 java.base/java.util.concurrent.ThreadPoolExecutor$Worker.run(ThreadPoolExecutor.java:619)
 java.base/java.lang.Thread.run(Thread.java:1447)
21-Jan-2026 08:29:36.039 INFO [Thread-1] org.apache.coyote.AbstractProtocol.stop Stopping ProtocolHandler ["http-nio-8080"]
21-Jan-2026 08:29:36.048 INFO [Thread-1] org.apache.coyote.AbstractProtocol.destroy Destroying ProtocolHandler ["http-nio-8080"]
21-Jan-2026 08:29:41.688 INFO [main] org.apache.catalina.startup.VersionLoggerListener.log Server version name:   Apache Tomcat/9.0.112
21-Jan-2026 08:29:41.693 INFO [main] org.apache.catalina.startup.VersionLoggerListener.log Server built:          Nov 6 2025 07:46:18 UTC
21-Jan-2026 08:29:41.693 INFO [main] org.apache.catalina.startup.VersionLoggerListener.log Server version number: 9.0.112.0
21-Jan-2026 08:29:41.693 INFO [main] org.apache.catalina.startup.VersionLoggerListener.log OS Name:               Windows 11
21-Jan-2026 08:29:41.694 INFO [main] org.apache.catalina.startup.VersionLoggerListener.log OS Version:            10.0
21-Jan-2026 08:29:41.694 INFO [main] org.apache.catalina.startup.VersionLoggerListener.log Architecture:          amd64
21-Jan-2026 08:29:41.694 INFO [main] org.apache.catalina.startup.VersionLoggerListener.log Java Home:             C:\Program Files\Java\jdk-24
21-Jan-2026 08:29:41.694 INFO [main] org.apache.catalina.startup.VersionLoggerListener.log JVM Version:           24+36-3646
21-Jan-2026 08:29:41.694 INFO [main] org.apache.catalina.startup.VersionLoggerListener.log JVM Vendor:            Oracle Corporation
21-Jan-2026 08:29:41.694 INFO [main] org.apache.catalina.startup.VersionLoggerListener.log CATALINA_BASE:         C:\Users\ASUS\OneDrive\Desktop\projects\Java\MyServletApp
21-Jan-2026 08:29:41.694 INFO [main] org.apache.catalina.startup.VersionLoggerListener.log CATALINA_HOME:         C:\Users\ASUS\Downloads\apache-tomcat-9.0.112\apache-tomcat-9.0.112
21-Jan-2026 08:29:41.707 INFO [main] org.apache.catalina.startup.VersionLoggerListener.log Command line argument: --add-opens=java.base/java.lang=ALL-UNNAMED
21-Jan-2026 08:29:41.708 INFO [main] org.apache.catalina.startup.VersionLoggerListener.log Command line argument: --add-opens=java.base/java.io=ALL-UNNAMED
21-Jan-2026 08:29:41.708 INFO [main] org.apache.catalina.startup.VersionLoggerListener.log Command line argument: --add-opens=java.base/java.util=ALL-UNNAMED
21-Jan-2026 08:29:41.708 INFO [main] org.apache.catalina.startup.VersionLoggerListener.log Command line argument: --add-opens=java.base/java.util.concurrent=ALL-UNNAMED
21-Jan-2026 08:29:41.708 INFO [main] org.apache.catalina.startup.VersionLoggerListener.log Command line argument: --add-opens=java.rmi/sun.rmi.transport=ALL-UNNAMED
21-Jan-2026 08:29:41.708 INFO [main] org.apache.catalina.startup.VersionLoggerListener.log Command line argument: -Dcatalina.home=C:\Users\ASUS\Downloads\apache-tomcat-9.0.112\apache-tomcat-9.0.112
21-Jan-2026 08:29:41.708 INFO [main] org.apache.catalina.startup.VersionLoggerListener.log Command line argument: -Dcatalina.base=C:\Users\ASUS\OneDrive\Desktop\projects\Java\MyServletApp
21-Jan-2026 08:29:41.708 INFO [main] org.apache.catalina.startup.VersionLoggerListener.log Command line argument: -Djava.io.tmpdir=C:\Users\ASUS\OneDrive\Desktop\projects\Java\MyServletApp\temp
21-Jan-2026 08:29:41.708 INFO [main] org.apache.catalina.startup.VersionLoggerListener.log Command line argument: -Djava.util.logging.config.file=C:\Users\ASUS\OneDrive\Desktop\projects\Java\MyServletApp\conf\logging.properties
21-Jan-2026 08:29:41.708 INFO [main] org.apache.catalina.startup.VersionLoggerListener.log Command line argument: -Djava.util.logging.manager=org.apache.juli.ClassLoaderLogManager
21-Jan-2026 08:29:41.709 INFO [main] org.apache.catalina.startup.VersionLoggerListener.log Command line argument: -javaagent:C:\Program Files\JetBrains\IntelliJ IDEA Community Edition 2025.2.5\lib\idea_rt.jar=54977
21-Jan-2026 08:29:41.709 INFO [main] org.apache.catalina.startup.VersionLoggerListener.log Command line argument: -Dfile.encoding=UTF-8
21-Jan-2026 08:29:41.709 INFO [main] org.apache.catalina.startup.VersionLoggerListener.log Command line argument: -Dsun.stdout.encoding=UTF-8
21-Jan-2026 08:29:41.709 INFO [main] org.apache.catalina.startup.VersionLoggerListener.log Command line argument: -Dsun.stderr.encoding=UTF-8
21-Jan-2026 08:29:41.739 INFO [main] org.apache.catalina.core.AprLifecycleListener.lifecycleEvent The Apache Tomcat Native library which allows using OpenSSL was not found on the java.library.path: [C:\Program Files\Java\jdk-24\bin;C:\WINDOWS\Sun\Java\bin;C:\WINDOWS\system32;C:\WINDOWS;C:\Program Files\Common Files\Oracle\Java\javapath;C:\Program Files\Eclipse Adoptium\jdk-21.0.6.7-hotspot\bin;C:\Users\ASUS\AppData\Roaming\Microsoft\Windows\Start Menu\Programs\Python\Python39\Scripts;C:\WINDOWS;C:\WINDOWS\System32\Wbem;C:\WINDOWS\System32\WindowsPowerShell\v1.0\;C:\WINDOWS\System32\OpenSSH\;C:\Program Files\Git\cmd;C:\Program Files\Git\mingw64\bin;C:\Program Files\Git\usr\bin;C:\Program Files\CMake\bin;C:\WINDOWS\system32;C:\Program Files\nodejs\;C:\MinGW\bin;C:\Program Files\MySQL\MySQL Server 8.0\bin;C:\Program Files (x86)\sqlite3;C:\Program Files (x86)\Yarn\bin\;C:\Users\ASUS\AppData\Roaming\npm;C:\msys64\home\ASUS\.local\share\gem\ruby\3.3.0\bin;C:\Ruby32-x64\bin;C:\Ruby32-x64\msys64\usr\bin;C:\Program Files\Go\bin;C:\Program Files\k6\;C:\Ruby32-x64\bin;C:\RailsInstaller\Ruby3.1.2\bin;C:\Program Files (x86)\RailsInstaller\Ruby3.1.2\bin;C:\Users\ASUS\.pyenv\pyenv-win\bin;C:\Users\ASUS\.pyenv\pyenv-win\shims;C:\Program Files\MySQL\MySQL Shell 8.0\bin\;C:\Users\ASUS\AppData\Local\Programs\Python\Python38\Scripts\;C:\Users\ASUS\AppData\Local\Programs\Python\Python38\;C:\Users\ASUS\AppData\Local\Programs\Python\Python37-32\Scripts\;C:\Users\ASUS\AppData\Local\Programs\Python\Python37-32\;C:\Users\ASUS\AppData\Local\Programs\Python\Python38-32\Scripts\;C:\Users\ASUS\AppData\Local\Programs\Python\Python38-32\;C:\Users\ASUS\AppData\Local\Programs\Python\Python310\Scripts\;C:\Users\ASUS\AppData\Local\Programs\Python\Python310\;C:\Users\ASUS\AppData\Local\Microsoft\WindowsApps;C:\Program Files\sfdx\bin;C:\Program Files\JetBrains\PyCharm Community Edition 2022.2.1\bin;C:\Program Files\CMake\bin;C:\Users\ASUS\anaconda3\Scripts;C:\UsersASUS\anaconda3;C:\UsersASUS\anaconda3\Library\bin;C:\Users\ASUS\AppData\Roaming\Microsoft\Windows\Start Menu\Programs;C:\ProgramData\Anaconda3\Scripts;C:\Program Files\PostgreSQL\14\bin;C:\Users\ASUS\AppData\Local\Programs\Microsoft VS Code\bin;C:\Users\ASUS\Envs\ml2\Lib\site-packages\cv2;C:\Users\ASUS\AppData\Roaming\npm;C:\Users\ASUS\Downloads\protoc-22.0-win64\bin;C:\Users\ASUS\AppData\Local\Yarn\bin;C:\Users\ASUS\go\bin;C:\Program Files\Java\jdk-24\bin;C:\Program Files\JetBrains\IntelliJ IDEA Community Edition 2025.2.5\bin;C:\Users\ASUS\AppData\Local\Microsoft\WindowsApps;;.]
21-Jan-2026 08:29:42.278 INFO [main] org.apache.coyote.AbstractProtocol.init Initializing ProtocolHandler ["http-nio-8080"]
21-Jan-2026 08:29:42.306 INFO [main] org.apache.catalina.startup.Catalina.load Server initialization in [959] milliseconds
21-Jan-2026 08:29:42.377 INFO [main] org.apache.catalina.core.StandardService.startInternal Starting service [Catalina]
21-Jan-2026 08:29:42.377 INFO [main] org.apache.catalina.core.StandardEngine.startInternal Starting Servlet engine: [Apache Tomcat/9.0.112]
21-Jan-2026 08:29:42.392 INFO [main] org.apache.catalina.startup.HostConfig.deployDescriptor Deploying deployment descriptor [C:\Users\ASUS\OneDrive\Desktop\projects\Java\MyServletApp\conf\Catalina\localhost\MyServletApp.xml]
21-Jan-2026 08:29:43.954 INFO [main] org.apache.jasper.servlet.TldScanner.scanJars At least one JAR was scanned for TLDs yet contained no TLDs. Enable debug logging for this logger for a complete list of JARs that were scanned but no TLDs were found in them. Skipping unneeded JARs during scanning can improve startup time and JSP compilation time.
21-Jan-2026 08:29:44.036 INFO [main] org.apache.catalina.startup.HostConfig.deployDescriptor Deployment of deployment descriptor [C:\Users\ASUS\OneDrive\Desktop\projects\Java\MyServletApp\conf\Catalina\localhost\MyServletApp.xml] has finished in [1,643] ms
21-Jan-2026 08:29:44.041 INFO [main] org.apache.coyote.AbstractProtocol.start Starting ProtocolHandler ["http-nio-8080"]
21-Jan-2026 08:29:44.073 INFO [main] org.apache.catalina.startup.Catalina.start Server startup in [1763] milliseconds
21-Jan-2026 08:43:09.413 INFO [Thread-1] org.apache.coyote.AbstractProtocol.pause Pausing ProtocolHandler ["http-nio-8080"]
21-Jan-2026 08:43:09.514 INFO [Thread-1] org.apache.catalina.core.StandardService.stopInternal Stopping service [Catalina]
21-Jan-2026 08:43:09.733 WARNING [Thread-1] org.apache.catalina.loader.WebappClassLoaderBase.clearReferencesJdbc The web application [MyServletApp] registered the JDBC driver [com.mysql.cj.jdbc.Driver] but failed to unregister it when the web application was stopped. To prevent a memory leak, the JDBC Driver has been forcibly unregistered.
21-Jan-2026 08:43:09.739 WARNING [Thread-1] org.apache.catalina.loader.WebappClassLoaderBase.clearReferencesThreads The web application [MyServletApp] appears to have started a thread named [mysql-cj-abandoned-connection-cleanup] but has failed to stop it. This is very likely to create a memory leak. Stack trace of thread:
 java.base/java.lang.Object.wait0(Native Method)
 java.base/java.lang.Object.wait(Object.java:389)
 java.base/java.lang.ref.ReferenceQueue.remove0(ReferenceQueue.java:124)
 java.base/java.lang.ref.ReferenceQueue.remove(ReferenceQueue.java:215)
 com.mysql.cj.jdbc.AbandonedConnectionCleanupThread.run(AbandonedConnectionCleanupThread.java:84)
 java.base/java.util.concurrent.ThreadPoolExecutor.runWorker(ThreadPoolExecutor.java:1095)
 java.base/java.util.concurrent.ThreadPoolExecutor$Worker.run(ThreadPoolExecutor.java:619)
 java.base/java.lang.Thread.run(Thread.java:1447)
21-Jan-2026 08:43:09.791 INFO [Thread-1] org.apache.coyote.AbstractProtocol.stop Stopping ProtocolHandler ["http-nio-8080"]
21-Jan-2026 08:43:09.812 INFO [Thread-1] org.apache.coyote.AbstractProtocol.destroy Destroying ProtocolHandler ["http-nio-8080"]
21-Jan-2026 08:43:17.649 INFO [main] org.apache.catalina.startup.VersionLoggerListener.log Server version name:   Apache Tomcat/9.0.112
21-Jan-2026 08:43:17.654 INFO [main] org.apache.catalina.startup.VersionLoggerListener.log Server built:          Nov 6 2025 07:46:18 UTC
21-Jan-2026 08:43:17.654 INFO [main] org.apache.catalina.startup.VersionLoggerListener.log Server version number: 9.0.112.0
21-Jan-2026 08:43:17.654 INFO [main] org.apache.catalina.startup.VersionLoggerListener.log OS Name:               Windows 11
21-Jan-2026 08:43:17.654 INFO [main] org.apache.catalina.startup.VersionLoggerListener.log OS Version:            10.0
21-Jan-2026 08:43:17.655 INFO [main] org.apache.catalina.startup.VersionLoggerListener.log Architecture:          amd64
21-Jan-2026 08:43:17.655 INFO [main] org.apache.catalina.startup.VersionLoggerListener.log Java Home:             C:\Program Files\Java\jdk-24
21-Jan-2026 08:43:17.655 INFO [main] org.apache.catalina.startup.VersionLoggerListener.log JVM Version:           24+36-3646
21-Jan-2026 08:43:17.655 INFO [main] org.apache.catalina.startup.VersionLoggerListener.log JVM Vendor:            Oracle Corporation
21-Jan-2026 08:43:17.655 INFO [main] org.apache.catalina.startup.VersionLoggerListener.log CATALINA_BASE:         C:\Users\ASUS\OneDrive\Desktop\projects\Java\MyServletApp
21-Jan-2026 08:43:17.655 INFO [main] org.apache.catalina.startup.VersionLoggerListener.log CATALINA_HOME:         C:\Users\ASUS\Downloads\apache-tomcat-9.0.112\apache-tomcat-9.0.112
21-Jan-2026 08:43:17.668 INFO [main] org.apache.catalina.startup.VersionLoggerListener.log Command line argument: --add-opens=java.base/java.lang=ALL-UNNAMED
21-Jan-2026 08:43:17.668 INFO [main] org.apache.catalina.startup.VersionLoggerListener.log Command line argument: --add-opens=java.base/java.io=ALL-UNNAMED
21-Jan-2026 08:43:17.669 INFO [main] org.apache.catalina.startup.VersionLoggerListener.log Command line argument: --add-opens=java.base/java.util=ALL-UNNAMED
21-Jan-2026 08:43:17.669 INFO [main] org.apache.catalina.startup.VersionLoggerListener.log Command line argument: --add-opens=java.base/java.util.concurrent=ALL-UNNAMED
21-Jan-2026 08:43:17.669 INFO [main] org.apache.catalina.startup.VersionLoggerListener.log Command line argument: --add-opens=java.rmi/sun.rmi.transport=ALL-UNNAMED
21-Jan-2026 08:43:17.669 INFO [main] org.apache.catalina.startup.VersionLoggerListener.log Command line argument: -Dcatalina.home=C:\Users\ASUS\Downloads\apache-tomcat-9.0.112\apache-tomcat-9.0.112
21-Jan-2026 08:43:17.669 INFO [main] org.apache.catalina.startup.VersionLoggerListener.log Command line argument: -Dcatalina.base=C:\Users\ASUS\OneDrive\Desktop\projects\Java\MyServletApp
21-Jan-2026 08:43:17.669 INFO [main] org.apache.catalina.startup.VersionLoggerListener.log Command line argument: -Djava.io.tmpdir=C:\Users\ASUS\OneDrive\Desktop\projects\Java\MyServletApp\temp
21-Jan-2026 08:43:17.669 INFO [main] org.apache.catalina.startup.VersionLoggerListener.log Command line argument: -Djava.util.logging.config.file=C:\Users\ASUS\OneDrive\Desktop\projects\Java\MyServletApp\conf\logging.properties
21-Jan-2026 08:43:17.670 INFO [main] org.apache.catalina.startup.VersionLoggerListener.log Command line argument: -Djava.util.logging.manager=org.apache.juli.ClassLoaderLogManager
21-Jan-2026 08:43:17.670 INFO [main] org.apache.catalina.startup.VersionLoggerListener.log Command line argument: -javaagent:C:\Program Files\JetBrains\IntelliJ IDEA Community Edition 2025.2.5\lib\idea_rt.jar=58443
21-Jan-2026 08:43:17.670 INFO [main] org.apache.catalina.startup.VersionLoggerListener.log Command line argument: -Dfile.encoding=UTF-8
21-Jan-2026 08:43:17.670 INFO [main] org.apache.catalina.startup.VersionLoggerListener.log Command line argument: -Dsun.stdout.encoding=UTF-8
21-Jan-2026 08:43:17.670 INFO [main] org.apache.catalina.startup.VersionLoggerListener.log Command line argument: -Dsun.stderr.encoding=UTF-8
21-Jan-2026 08:43:17.734 INFO [main] org.apache.catalina.core.AprLifecycleListener.lifecycleEvent The Apache Tomcat Native library which allows using OpenSSL was not found on the java.library.path: [C:\Program Files\Java\jdk-24\bin;C:\WINDOWS\Sun\Java\bin;C:\WINDOWS\system32;C:\WINDOWS;C:\Program Files\Common Files\Oracle\Java\javapath;C:\Program Files\Eclipse Adoptium\jdk-21.0.6.7-hotspot\bin;C:\Users\ASUS\AppData\Roaming\Microsoft\Windows\Start Menu\Programs\Python\Python39\Scripts;C:\WINDOWS;C:\WINDOWS\System32\Wbem;C:\WINDOWS\System32\WindowsPowerShell\v1.0\;C:\WINDOWS\System32\OpenSSH\;C:\Program Files\Git\cmd;C:\Program Files\Git\mingw64\bin;C:\Program Files\Git\usr\bin;C:\Program Files\CMake\bin;C:\WINDOWS\system32;C:\Program Files\nodejs\;C:\MinGW\bin;C:\Program Files\MySQL\MySQL Server 8.0\bin;C:\Program Files (x86)\sqlite3;C:\Program Files (x86)\Yarn\bin\;C:\Users\ASUS\AppData\Roaming\npm;C:\msys64\home\ASUS\.local\share\gem\ruby\3.3.0\bin;C:\Ruby32-x64\bin;C:\Ruby32-x64\msys64\usr\bin;C:\Program Files\Go\bin;C:\Program Files\k6\;C:\Ruby32-x64\bin;C:\RailsInstaller\Ruby3.1.2\bin;C:\Program Files (x86)\RailsInstaller\Ruby3.1.2\bin;C:\Users\ASUS\.pyenv\pyenv-win\bin;C:\Users\ASUS\.pyenv\pyenv-win\shims;C:\Program Files\MySQL\MySQL Shell 8.0\bin\;C:\Users\ASUS\AppData\Local\Programs\Python\Python38\Scripts\;C:\Users\ASUS\AppData\Local\Programs\Python\Python38\;C:\Users\ASUS\AppData\Local\Programs\Python\Python37-32\Scripts\;C:\Users\ASUS\AppData\Local\Programs\Python\Python37-32\;C:\Users\ASUS\AppData\Local\Programs\Python\Python38-32\Scripts\;C:\Users\ASUS\AppData\Local\Programs\Python\Python38-32\;C:\Users\ASUS\AppData\Local\Programs\Python\Python310\Scripts\;C:\Users\ASUS\AppData\Local\Programs\Python\Python310\;C:\Users\ASUS\AppData\Local\Microsoft\WindowsApps;C:\Program Files\sfdx\bin;C:\Program Files\JetBrains\PyCharm Community Edition 2022.2.1\bin;C:\Program Files\CMake\bin;C:\Users\ASUS\anaconda3\Scripts;C:\UsersASUS\anaconda3;C:\UsersASUS\anaconda3\Library\bin;C:\Users\ASUS\AppData\Roaming\Microsoft\Windows\Start Menu\Programs;C:\ProgramData\Anaconda3\Scripts;C:\Program Files\PostgreSQL\14\bin;C:\Users\ASUS\AppData\Local\Programs\Microsoft VS Code\bin;C:\Users\ASUS\Envs\ml2\Lib\site-packages\cv2;C:\Users\ASUS\AppData\Roaming\npm;C:\Users\ASUS\Downloads\protoc-22.0-win64\bin;C:\Users\ASUS\AppData\Local\Yarn\bin;C:\Users\ASUS\go\bin;C:\Program Files\Java\jdk-24\bin;C:\Program Files\JetBrains\IntelliJ IDEA Community Edition 2025.2.5\bin;C:\Users\ASUS\AppData\Local\Microsoft\WindowsApps;;.]
21-Jan-2026 08:43:18.374 INFO [main] org.apache.coyote.AbstractProtocol.init Initializing ProtocolHandler ["http-nio-8080"]
21-Jan-2026 08:43:18.401 INFO [main] org.apache.catalina.startup.Catalina.load Server initialization in [1128] milliseconds
21-Jan-2026 08:43:18.492 INFO [main] org.apache.catalina.core.StandardService.startInternal Starting service [Catalina]
21-Jan-2026 08:43:18.493 INFO [main] org.apache.catalina.core.StandardEngine.startInternal Starting Servlet engine: [Apache Tomcat/9.0.112]
21-Jan-2026 08:43:18.508 INFO [main] org.apache.catalina.startup.HostConfig.deployDescriptor Deploying deployment descriptor [C:\Users\ASUS\OneDrive\Desktop\projects\Java\MyServletApp\conf\Catalina\localhost\MyServletApp.xml]
21-Jan-2026 08:43:20.166 INFO [main] org.apache.jasper.servlet.TldScanner.scanJars At least one JAR was scanned for TLDs yet contained no TLDs. Enable debug logging for this logger for a complete list of JARs that were scanned but no TLDs were found in them. Skipping unneeded JARs during scanning can improve startup time and JSP compilation time.
21-Jan-2026 08:43:20.283 INFO [main] org.apache.catalina.startup.HostConfig.deployDescriptor Deployment of deployment descriptor [C:\Users\ASUS\OneDrive\Desktop\projects\Java\MyServletApp\conf\Catalina\localhost\MyServletApp.xml] has finished in [1,773] ms
21-Jan-2026 08:43:20.291 INFO [main] org.apache.coyote.AbstractProtocol.start Starting ProtocolHandler ["http-nio-8080"]
21-Jan-2026 08:43:20.332 INFO [main] org.apache.catalina.startup.Catalina.start Server startup in [1928] milliseconds
21-Jan-2026 08:51:30.647 INFO [Thread-1] org.apache.coyote.AbstractProtocol.pause Pausing ProtocolHandler ["http-nio-8080"]
21-Jan-2026 08:51:30.661 INFO [Thread-1] org.apache.catalina.core.StandardService.stopInternal Stopping service [Catalina]
21-Jan-2026 08:51:30.720 WARNING [Thread-1] org.apache.catalina.loader.WebappClassLoaderBase.clearReferencesJdbc The web application [MyServletApp] registered the JDBC driver [com.mysql.cj.jdbc.Driver] but failed to unregister it when the web application was stopped. To prevent a memory leak, the JDBC Driver has been forcibly unregistered.
21-Jan-2026 08:51:30.722 WARNING [Thread-1] org.apache.catalina.loader.WebappClassLoaderBase.clearReferencesThreads The web application [MyServletApp] appears to have started a thread named [mysql-cj-abandoned-connection-cleanup] but has failed to stop it. This is very likely to create a memory leak. Stack trace of thread:
 java.base/java.lang.Object.wait0(Native Method)
 java.base/java.lang.Object.wait(Object.java:389)
 java.base/java.lang.ref.ReferenceQueue.remove0(ReferenceQueue.java:124)
 java.base/java.lang.ref.ReferenceQueue.remove(ReferenceQueue.java:215)
 com.mysql.cj.jdbc.AbandonedConnectionCleanupThread.run(AbandonedConnectionCleanupThread.java:84)
 java.base/java.util.concurrent.ThreadPoolExecutor.runWorker(ThreadPoolExecutor.java:1095)
 java.base/java.util.concurrent.ThreadPoolExecutor$Worker.run(ThreadPoolExecutor.java:619)
 java.base/java.lang.Thread.run(Thread.java:1447)
21-Jan-2026 08:51:30.743 INFO [Thread-1] org.apache.coyote.AbstractProtocol.stop Stopping ProtocolHandler ["http-nio-8080"]
21-Jan-2026 08:51:30.759 INFO [Thread-1] org.apache.coyote.AbstractProtocol.destroy Destroying ProtocolHandler ["http-nio-8080"]
21-Jan-2026 08:51:38.665 INFO [main] org.apache.catalina.startup.VersionLoggerListener.log Server version name:   Apache Tomcat/9.0.112
21-Jan-2026 08:51:38.670 INFO [main] org.apache.catalina.startup.VersionLoggerListener.log Server built:          Nov 6 2025 07:46:18 UTC
21-Jan-2026 08:51:38.671 INFO [main] org.apache.catalina.startup.VersionLoggerListener.log Server version number: 9.0.112.0
21-Jan-2026 08:51:38.671 INFO [main] org.apache.catalina.startup.VersionLoggerListener.log OS Name:               Windows 11
21-Jan-2026 08:51:38.671 INFO [main] org.apache.catalina.startup.VersionLoggerListener.log OS Version:            10.0
21-Jan-2026 08:51:38.671 INFO [main] org.apache.catalina.startup.VersionLoggerListener.log Architecture:          amd64
21-Jan-2026 08:51:38.671 INFO [main] org.apache.catalina.startup.VersionLoggerListener.log Java Home:             C:\Program Files\Java\jdk-24
21-Jan-2026 08:51:38.672 INFO [main] org.apache.catalina.startup.VersionLoggerListener.log JVM Version:           24+36-3646
21-Jan-2026 08:51:38.672 INFO [main] org.apache.catalina.startup.VersionLoggerListener.log JVM Vendor:            Oracle Corporation
21-Jan-2026 08:51:38.672 INFO [main] org.apache.catalina.startup.VersionLoggerListener.log CATALINA_BASE:         C:\Users\ASUS\OneDrive\Desktop\projects\Java\MyServletApp
21-Jan-2026 08:51:38.672 INFO [main] org.apache.catalina.startup.VersionLoggerListener.log CATALINA_HOME:         C:\Users\ASUS\Downloads\apache-tomcat-9.0.112\apache-tomcat-9.0.112
21-Jan-2026 08:51:38.690 INFO [main] org.apache.catalina.startup.VersionLoggerListener.log Command line argument: --add-opens=java.base/java.lang=ALL-UNNAMED
21-Jan-2026 08:51:38.691 INFO [main] org.apache.catalina.startup.VersionLoggerListener.log Command line argument: --add-opens=java.base/java.io=ALL-UNNAMED
21-Jan-2026 08:51:38.691 INFO [main] org.apache.catalina.startup.VersionLoggerListener.log Command line argument: --add-opens=java.base/java.util=ALL-UNNAMED
21-Jan-2026 08:51:38.691 INFO [main] org.apache.catalina.startup.VersionLoggerListener.log Command line argument: --add-opens=java.base/java.util.concurrent=ALL-UNNAMED
21-Jan-2026 08:51:38.692 INFO [main] org.apache.catalina.startup.VersionLoggerListener.log Command line argument: --add-opens=java.rmi/sun.rmi.transport=ALL-UNNAMED
21-Jan-2026 08:51:38.692 INFO [main] org.apache.catalina.startup.VersionLoggerListener.log Command line argument: -Dcatalina.home=C:\Users\ASUS\Downloads\apache-tomcat-9.0.112\apache-tomcat-9.0.112
21-Jan-2026 08:51:38.692 INFO [main] org.apache.catalina.startup.VersionLoggerListener.log Command line argument: -Dcatalina.base=C:\Users\ASUS\OneDrive\Desktop\projects\Java\MyServletApp
21-Jan-2026 08:51:38.692 INFO [main] org.apache.catalina.startup.VersionLoggerListener.log Command line argument: -Djava.io.tmpdir=C:\Users\ASUS\OneDrive\Desktop\projects\Java\MyServletApp\temp
21-Jan-2026 08:51:38.693 INFO [main] org.apache.catalina.startup.VersionLoggerListener.log Command line argument: -Djava.util.logging.config.file=C:\Users\ASUS\OneDrive\Desktop\projects\Java\MyServletApp\conf\logging.properties
21-Jan-2026 08:51:38.693 INFO [main] org.apache.catalina.startup.VersionLoggerListener.log Command line argument: -Djava.util.logging.manager=org.apache.juli.ClassLoaderLogManager
21-Jan-2026 08:51:38.693 INFO [main] org.apache.catalina.startup.VersionLoggerListener.log Command line argument: -javaagent:C:\Program Files\JetBrains\IntelliJ IDEA Community Edition 2025.2.5\lib\idea_rt.jar=65380
21-Jan-2026 08:51:38.693 INFO [main] org.apache.catalina.startup.VersionLoggerListener.log Command line argument: -Dfile.encoding=UTF-8
21-Jan-2026 08:51:38.693 INFO [main] org.apache.catalina.startup.VersionLoggerListener.log Command line argument: -Dsun.stdout.encoding=UTF-8
21-Jan-2026 08:51:38.693 INFO [main] org.apache.catalina.startup.VersionLoggerListener.log Command line argument: -Dsun.stderr.encoding=UTF-8
21-Jan-2026 08:51:38.743 INFO [main] org.apache.catalina.core.AprLifecycleListener.lifecycleEvent The Apache Tomcat Native library which allows using OpenSSL was not found on the java.library.path: [C:\Program Files\Java\jdk-24\bin;C:\WINDOWS\Sun\Java\bin;C:\WINDOWS\system32;C:\WINDOWS;C:\Program Files\Common Files\Oracle\Java\javapath;C:\Program Files\Eclipse Adoptium\jdk-21.0.6.7-hotspot\bin;C:\Users\ASUS\AppData\Roaming\Microsoft\Windows\Start Menu\Programs\Python\Python39\Scripts;C:\WINDOWS;C:\WINDOWS\System32\Wbem;C:\WINDOWS\System32\WindowsPowerShell\v1.0\;C:\WINDOWS\System32\OpenSSH\;C:\Program Files\Git\cmd;C:\Program Files\Git\mingw64\bin;C:\Program Files\Git\usr\bin;C:\Program Files\CMake\bin;C:\WINDOWS\system32;C:\Program Files\nodejs\;C:\MinGW\bin;C:\Program Files\MySQL\MySQL Server 8.0\bin;C:\Program Files (x86)\sqlite3;C:\Program Files (x86)\Yarn\bin\;C:\Users\ASUS\AppData\Roaming\npm;C:\msys64\home\ASUS\.local\share\gem\ruby\3.3.0\bin;C:\Ruby32-x64\bin;C:\Ruby32-x64\msys64\usr\bin;C:\Program Files\Go\bin;C:\Program Files\k6\;C:\Ruby32-x64\bin;C:\RailsInstaller\Ruby3.1.2\bin;C:\Program Files (x86)\RailsInstaller\Ruby3.1.2\bin;C:\Users\ASUS\.pyenv\pyenv-win\bin;C:\Users\ASUS\.pyenv\pyenv-win\shims;C:\Program Files\MySQL\MySQL Shell 8.0\bin\;C:\Users\ASUS\AppData\Local\Programs\Python\Python38\Scripts\;C:\Users\ASUS\AppData\Local\Programs\Python\Python38\;C:\Users\ASUS\AppData\Local\Programs\Python\Python37-32\Scripts\;C:\Users\ASUS\AppData\Local\Programs\Python\Python37-32\;C:\Users\ASUS\AppData\Local\Programs\Python\Python38-32\Scripts\;C:\Users\ASUS\AppData\Local\Programs\Python\Python38-32\;C:\Users\ASUS\AppData\Local\Programs\Python\Python310\Scripts\;C:\Users\ASUS\AppData\Local\Programs\Python\Python310\;C:\Users\ASUS\AppData\Local\Microsoft\WindowsApps;C:\Program Files\sfdx\bin;C:\Program Files\JetBrains\PyCharm Community Edition 2022.2.1\bin;C:\Program Files\CMake\bin;C:\Users\ASUS\anaconda3\Scripts;C:\UsersASUS\anaconda3;C:\UsersASUS\anaconda3\Library\bin;C:\Users\ASUS\AppData\Roaming\Microsoft\Windows\Start Menu\Programs;C:\ProgramData\Anaconda3\Scripts;C:\Program Files\PostgreSQL\14\bin;C:\Users\ASUS\AppData\Local\Programs\Microsoft VS Code\bin;C:\Users\ASUS\Envs\ml2\Lib\site-packages\cv2;C:\Users\ASUS\AppData\Roaming\npm;C:\Users\ASUS\Downloads\protoc-22.0-win64\bin;C:\Users\ASUS\AppData\Local\Yarn\bin;C:\Users\ASUS\go\bin;C:\Program Files\Java\jdk-24\bin;C:\Program Files\JetBrains\IntelliJ IDEA Community Edition 2025.2.5\bin;C:\Users\ASUS\AppData\Local\Microsoft\WindowsApps;;.]
21-Jan-2026 08:51:39.545 INFO [main] org.apache.coyote.AbstractProtocol.init Initializing ProtocolHandler ["http-nio-8080"]
21-Jan-2026 08:51:39.576 INFO [main] org.apache.catalina.startup.Catalina.load Server initialization in [1312] milliseconds
21-Jan-2026 08:51:39.676 INFO [main] org.apache.catalina.core.StandardService.startInternal Starting service [Catalina]
21-Jan-2026 08:51:39.677 INFO [main] org.apache.catalina.core.StandardEngine.startInternal Starting Servlet engine: [Apache Tomcat/9.0.112]
21-Jan-2026 08:51:39.694 INFO [main] org.apache.catalina.startup.HostConfig.deployDescriptor Deploying deployment descriptor [C:\Users\ASUS\OneDrive\Desktop\projects\Java\MyServletApp\conf\Catalina\localhost\MyServletApp.xml]
21-Jan-2026 08:51:41.455 INFO [main] org.apache.jasper.servlet.TldScanner.scanJars At least one JAR was scanned for TLDs yet contained no TLDs. Enable debug logging for this logger for a complete list of JARs that were scanned but no TLDs were found in them. Skipping unneeded JARs during scanning can improve startup time and JSP compilation time.
21-Jan-2026 08:51:41.558 INFO [main] org.apache.catalina.startup.HostConfig.deployDescriptor Deployment of deployment descriptor [C:\Users\ASUS\OneDrive\Desktop\projects\Java\MyServletApp\conf\Catalina\localhost\MyServletApp.xml] has finished in [1,862] ms
21-Jan-2026 08:51:41.566 INFO [main] org.apache.coyote.AbstractProtocol.start Starting ProtocolHandler ["http-nio-8080"]
21-Jan-2026 08:51:41.609 INFO [main] org.apache.catalina.startup.Catalina.start Server startup in [2029] milliseconds
21-Jan-2026 09:10:52.740 INFO [Thread-1] org.apache.coyote.AbstractProtocol.pause Pausing ProtocolHandler ["http-nio-8080"]
21-Jan-2026 09:10:52.858 INFO [Thread-1] org.apache.catalina.core.StandardService.stopInternal Stopping service [Catalina]
21-Jan-2026 09:10:53.344 WARNING [Thread-1] org.apache.catalina.loader.WebappClassLoaderBase.clearReferencesJdbc The web application [MyServletApp] registered the JDBC driver [com.mysql.cj.jdbc.Driver] but failed to unregister it when the web application was stopped. To prevent a memory leak, the JDBC Driver has been forcibly unregistered.
21-Jan-2026 09:10:53.366 WARNING [Thread-1] org.apache.catalina.loader.WebappClassLoaderBase.clearReferencesThreads The web application [MyServletApp] appears to have started a thread named [mysql-cj-abandoned-connection-cleanup] but has failed to stop it. This is very likely to create a memory leak. Stack trace of thread:
 java.base/java.lang.Object.wait0(Native Method)
 java.base/java.lang.Object.wait(Object.java:389)
 java.base/java.lang.ref.ReferenceQueue.remove0(ReferenceQueue.java:124)
 java.base/java.lang.ref.ReferenceQueue.remove(ReferenceQueue.java:215)
 com.mysql.cj.jdbc.AbandonedConnectionCleanupThread.run(AbandonedConnectionCleanupThread.java:84)
 java.base/java.util.concurrent.ThreadPoolExecutor.runWorker(ThreadPoolExecutor.java:1095)
 java.base/java.util.concurrent.ThreadPoolExecutor$Worker.run(ThreadPoolExecutor.java:619)
 java.base/java.lang.Thread.run(Thread.java:1447)
21-Jan-2026 09:10:53.636 INFO [Thread-1] org.apache.coyote.AbstractProtocol.stop Stopping ProtocolHandler ["http-nio-8080"]
21-Jan-2026 09:10:53.684 INFO [Thread-1] org.apache.coyote.AbstractProtocol.destroy Destroying ProtocolHandler ["http-nio-8080"]
21-Jan-2026 23:24:54.354 INFO [main] org.apache.catalina.startup.VersionLoggerListener.log Server version name:   Apache Tomcat/9.0.112
21-Jan-2026 23:24:54.386 INFO [main] org.apache.catalina.startup.VersionLoggerListener.log Server built:          Nov 6 2025 07:46:18 UTC
21-Jan-2026 23:24:54.387 INFO [main] org.apache.catalina.startup.VersionLoggerListener.log Server version number: 9.0.112.0
21-Jan-2026 23:24:54.387 INFO [main] org.apache.catalina.startup.VersionLoggerListener.log OS Name:               Windows 11
21-Jan-2026 23:24:54.387 INFO [main] org.apache.catalina.startup.VersionLoggerListener.log OS Version:            10.0
21-Jan-2026 23:24:54.387 INFO [main] org.apache.catalina.startup.VersionLoggerListener.log Architecture:          amd64
21-Jan-2026 23:24:54.387 INFO [main] org.apache.catalina.startup.VersionLoggerListener.log Java Home:             C:\Program Files\Java\jdk-24
21-Jan-2026 23:24:54.387 INFO [main] org.apache.catalina.startup.VersionLoggerListener.log JVM Version:           24+36-3646
21-Jan-2026 23:24:54.387 INFO [main] org.apache.catalina.startup.VersionLoggerListener.log JVM Vendor:            Oracle Corporation
21-Jan-2026 23:24:54.388 INFO [main] org.apache.catalina.startup.VersionLoggerListener.log CATALINA_BASE:         C:\Users\ASUS\OneDrive\Desktop\projects\Java\MyServletApp
21-Jan-2026 23:24:54.388 INFO [main] org.apache.catalina.startup.VersionLoggerListener.log CATALINA_HOME:         C:\Users\ASUS\Downloads\apache-tomcat-9.0.112\apache-tomcat-9.0.112
21-Jan-2026 23:24:54.423 INFO [main] org.apache.catalina.startup.VersionLoggerListener.log Command line argument: --add-opens=java.base/java.lang=ALL-UNNAMED
21-Jan-2026 23:24:54.423 INFO [main] org.apache.catalina.startup.VersionLoggerListener.log Command line argument: --add-opens=java.base/java.io=ALL-UNNAMED
21-Jan-2026 23:24:54.424 INFO [main] org.apache.catalina.startup.VersionLoggerListener.log Command line argument: --add-opens=java.base/java.util=ALL-UNNAMED
21-Jan-2026 23:24:54.424 INFO [main] org.apache.catalina.startup.VersionLoggerListener.log Command line argument: --add-opens=java.base/java.util.concurrent=ALL-UNNAMED
21-Jan-2026 23:24:54.424 INFO [main] org.apache.catalina.startup.VersionLoggerListener.log Command line argument: --add-opens=java.rmi/sun.rmi.transport=ALL-UNNAMED
21-Jan-2026 23:24:54.424 INFO [main] org.apache.catalina.startup.VersionLoggerListener.log Command line argument: -Dcatalina.home=C:\Users\ASUS\Downloads\apache-tomcat-9.0.112\apache-tomcat-9.0.112
21-Jan-2026 23:24:54.427 INFO [main] org.apache.catalina.startup.VersionLoggerListener.log Command line argument: -Dcatalina.base=C:\Users\ASUS\OneDrive\Desktop\projects\Java\MyServletApp
21-Jan-2026 23:24:54.427 INFO [main] org.apache.catalina.startup.VersionLoggerListener.log Command line argument: -Djava.io.tmpdir=C:\Users\ASUS\OneDrive\Desktop\projects\Java\MyServletApp\temp
21-Jan-2026 23:24:54.431 INFO [main] org.apache.catalina.startup.VersionLoggerListener.log Command line argument: -Djava.util.logging.config.file=C:\Users\ASUS\OneDrive\Desktop\projects\Java\MyServletApp\conf\logging.properties
21-Jan-2026 23:24:54.432 INFO [main] org.apache.catalina.startup.VersionLoggerListener.log Command line argument: -Djava.util.logging.manager=org.apache.juli.ClassLoaderLogManager
21-Jan-2026 23:24:54.432 INFO [main] org.apache.catalina.startup.VersionLoggerListener.log Command line argument: -javaagent:C:\Program Files\JetBrains\IntelliJ IDEA Community Edition 2025.2.5\lib\idea_rt.jar=53599
21-Jan-2026 23:24:54.433 INFO [main] org.apache.catalina.startup.VersionLoggerListener.log Command line argument: -Dfile.encoding=UTF-8
21-Jan-2026 23:24:54.433 INFO [main] org.apache.catalina.startup.VersionLoggerListener.log Command line argument: -Dsun.stdout.encoding=UTF-8
21-Jan-2026 23:24:54.433 INFO [main] org.apache.catalina.startup.VersionLoggerListener.log Command line argument: -Dsun.stderr.encoding=UTF-8
21-Jan-2026 23:24:54.733 INFO [main] org.apache.catalina.core.AprLifecycleListener.lifecycleEvent The Apache Tomcat Native library which allows using OpenSSL was not found on the java.library.path: [C:\Program Files\Java\jdk-24\bin;C:\WINDOWS\Sun\Java\bin;C:\WINDOWS\system32;C:\WINDOWS;C:\Program Files\Common Files\Oracle\Java\javapath;C:\Program Files\Eclipse Adoptium\jdk-21.0.6.7-hotspot\bin;C:\Users\ASUS\AppData\Roaming\Microsoft\Windows\Start Menu\Programs\Python\Python39\Scripts;C:\WINDOWS;C:\WINDOWS\System32\Wbem;C:\WINDOWS\System32\WindowsPowerShell\v1.0\;C:\WINDOWS\System32\OpenSSH\;C:\Program Files\Git\cmd;C:\Program Files\Git\mingw64\bin;C:\Program Files\Git\usr\bin;C:\Program Files\CMake\bin;C:\WINDOWS\system32;C:\Program Files\nodejs\;C:\MinGW\bin;C:\Program Files\MySQL\MySQL Server 8.0\bin;C:\Program Files (x86)\sqlite3;C:\Program Files (x86)\Yarn\bin\;C:\Users\ASUS\AppData\Roaming\npm;C:\msys64\home\ASUS\.local\share\gem\ruby\3.3.0\bin;C:\Ruby32-x64\bin;C:\Ruby32-x64\msys64\usr\bin;C:\Program Files\Go\bin;C:\Program Files\k6\;C:\Ruby32-x64\bin;C:\RailsInstaller\Ruby3.1.2\bin;C:\Program Files (x86)\RailsInstaller\Ruby3.1.2\bin;C:\Users\ASUS\.pyenv\pyenv-win\bin;C:\Users\ASUS\.pyenv\pyenv-win\shims;C:\Program Files\MySQL\MySQL Shell 8.0\bin\;C:\Users\ASUS\AppData\Local\Programs\Python\Python38\Scripts\;C:\Users\ASUS\AppData\Local\Programs\Python\Python38\;C:\Users\ASUS\AppData\Local\Programs\Python\Python37-32\Scripts\;C:\Users\ASUS\AppData\Local\Programs\Python\Python37-32\;C:\Users\ASUS\AppData\Local\Programs\Python\Python38-32\Scripts\;C:\Users\ASUS\AppData\Local\Programs\Python\Python38-32\;C:\Users\ASUS\AppData\Local\Programs\Python\Python310\Scripts\;C:\Users\ASUS\AppData\Local\Programs\Python\Python310\;C:\Users\ASUS\AppData\Local\Microsoft\WindowsApps;C:\Program Files\sfdx\bin;C:\Program Files\JetBrains\PyCharm Community Edition 2022.2.1\bin;C:\Program Files\CMake\bin;C:\Users\ASUS\anaconda3\Scripts;C:\UsersASUS\anaconda3;C:\UsersASUS\anaconda3\Library\bin;C:\Users\ASUS\AppData\Roaming\Microsoft\Windows\Start Menu\Programs;C:\ProgramData\Anaconda3\Scripts;C:\Program Files\PostgreSQL\14\bin;C:\Users\ASUS\AppData\Local\Programs\Microsoft VS Code\bin;C:\Users\ASUS\Envs\ml2\Lib\site-packages\cv2;C:\Users\ASUS\AppData\Roaming\npm;C:\Users\ASUS\Downloads\protoc-22.0-win64\bin;C:\Users\ASUS\AppData\Local\Yarn\bin;C:\Users\ASUS\go\bin;C:\Program Files\Java\jdk-24\bin;C:\Program Files\JetBrains\IntelliJ IDEA Community Edition 2025.2.5\bin;C:\Users\ASUS\AppData\Local\Microsoft\WindowsApps;;.]
21-Jan-2026 23:24:56.219 INFO [main] org.apache.coyote.AbstractProtocol.init Initializing ProtocolHandler ["http-nio-8080"]
21-Jan-2026 23:24:56.271 INFO [main] org.apache.catalina.startup.Catalina.load Server initialization in [2538] milliseconds
21-Jan-2026 23:24:56.423 INFO [main] org.apache.catalina.core.StandardService.startInternal Starting service [Catalina]
21-Jan-2026 23:24:56.424 INFO [main] org.apache.catalina.core.StandardEngine.startInternal Starting Servlet engine: [Apache Tomcat/9.0.112]
21-Jan-2026 23:24:56.466 INFO [main] org.apache.catalina.startup.HostConfig.deployDescriptor Deploying deployment descriptor [C:\Users\ASUS\OneDrive\Desktop\projects\Java\MyServletApp\conf\Catalina\localhost\MyServletApp.xml]
21-Jan-2026 23:25:07.742 INFO [main] org.apache.jasper.servlet.TldScanner.scanJars At least one JAR was scanned for TLDs yet contained no TLDs. Enable debug logging for this logger for a complete list of JARs that were scanned but no TLDs were found in them. Skipping unneeded JARs during scanning can improve startup time and JSP compilation time.
21-Jan-2026 23:25:08.241 WARNING [main] org.apache.catalina.util.SessionIdGeneratorBase.createSecureRandom Creation of SecureRandom instance for session ID generation using [SHA1PRNG] took [138] milliseconds.
21-Jan-2026 23:25:09.292 INFO [main] org.apache.catalina.startup.HostConfig.deployDescriptor Deployment of deployment descriptor [C:\Users\ASUS\OneDrive\Desktop\projects\Java\MyServletApp\conf\Catalina\localhost\MyServletApp.xml] has finished in [12,826] ms
21-Jan-2026 23:25:09.441 INFO [main] org.apache.coyote.AbstractProtocol.start Starting ProtocolHandler ["http-nio-8080"]
21-Jan-2026 23:25:09.911 INFO [main] org.apache.catalina.startup.Catalina.start Server startup in [13636] milliseconds
21-Jan-2026 23:28:44.085 INFO [Thread-1] org.apache.coyote.AbstractProtocol.pause Pausing ProtocolHandler ["http-nio-8080"]
21-Jan-2026 23:28:44.170 INFO [Thread-1] org.apache.catalina.core.StandardService.stopInternal Stopping service [Catalina]
21-Jan-2026 23:28:44.435 WARNING [Thread-1] org.apache.catalina.loader.WebappClassLoaderBase.clearReferencesJdbc The web application [MyServletApp] registered the JDBC driver [com.mysql.cj.jdbc.Driver] but failed to unregister it when the web application was stopped. To prevent a memory leak, the JDBC Driver has been forcibly unregistered.
21-Jan-2026 23:28:44.436 WARNING [Thread-1] org.apache.catalina.loader.WebappClassLoaderBase.clearReferencesThreads The web application [MyServletApp] appears to have started a thread named [mysql-cj-abandoned-connection-cleanup] but has failed to stop it. This is very likely to create a memory leak. Stack trace of thread:
 java.base/java.lang.Object.wait0(Native Method)
 java.base/java.lang.Object.wait(Object.java:389)
 java.base/java.lang.ref.ReferenceQueue.remove0(ReferenceQueue.java:124)
 java.base/java.lang.ref.ReferenceQueue.remove(ReferenceQueue.java:215)
 com.mysql.cj.jdbc.AbandonedConnectionCleanupThread.run(AbandonedConnectionCleanupThread.java:84)
 java.base/java.util.concurrent.ThreadPoolExecutor.runWorker(ThreadPoolExecutor.java:1095)
 java.base/java.util.concurrent.ThreadPoolExecutor$Worker.run(ThreadPoolExecutor.java:619)
 java.base/java.lang.Thread.run(Thread.java:1447)
21-Jan-2026 23:28:44.464 INFO [Thread-1] org.apache.coyote.AbstractProtocol.stop Stopping ProtocolHandler ["http-nio-8080"]
21-Jan-2026 23:28:44.484 INFO [Thread-1] org.apache.coyote.AbstractProtocol.destroy Destroying ProtocolHandler ["http-nio-8080"]
21-Jan-2026 23:29:02.878 INFO [main] org.apache.catalina.startup.VersionLoggerListener.log Server version name:   Apache Tomcat/9.0.112
21-Jan-2026 23:29:02.885 INFO [main] org.apache.catalina.startup.VersionLoggerListener.log Server built:          Nov 6 2025 07:46:18 UTC
21-Jan-2026 23:29:02.885 INFO [main] org.apache.catalina.startup.VersionLoggerListener.log Server version number: 9.0.112.0
21-Jan-2026 23:29:02.885 INFO [main] org.apache.catalina.startup.VersionLoggerListener.log OS Name:               Windows 11
21-Jan-2026 23:29:02.886 INFO [main] org.apache.catalina.startup.VersionLoggerListener.log OS Version:            10.0
21-Jan-2026 23:29:02.886 INFO [main] org.apache.catalina.startup.VersionLoggerListener.log Architecture:          amd64
21-Jan-2026 23:29:02.886 INFO [main] org.apache.catalina.startup.VersionLoggerListener.log Java Home:             C:\Program Files\Java\jdk-24
21-Jan-2026 23:29:02.886 INFO [main] org.apache.catalina.startup.VersionLoggerListener.log JVM Version:           24+36-3646
21-Jan-2026 23:29:02.886 INFO [main] org.apache.catalina.startup.VersionLoggerListener.log JVM Vendor:            Oracle Corporation
21-Jan-2026 23:29:02.886 INFO [main] org.apache.catalina.startup.VersionLoggerListener.log CATALINA_BASE:         C:\Users\ASUS\OneDrive\Desktop\projects\Java\MyServletApp
21-Jan-2026 23:29:02.887 INFO [main] org.apache.catalina.startup.VersionLoggerListener.log CATALINA_HOME:         C:\Users\ASUS\Downloads\apache-tomcat-9.0.112\apache-tomcat-9.0.112
21-Jan-2026 23:29:02.906 INFO [main] org.apache.catalina.startup.VersionLoggerListener.log Command line argument: --add-opens=java.base/java.lang=ALL-UNNAMED
21-Jan-2026 23:29:02.906 INFO [main] org.apache.catalina.startup.VersionLoggerListener.log Command line argument: --add-opens=java.base/java.io=ALL-UNNAMED
21-Jan-2026 23:29:02.906 INFO [main] org.apache.catalina.startup.VersionLoggerListener.log Command line argument: --add-opens=java.base/java.util=ALL-UNNAMED
21-Jan-2026 23:29:02.906 INFO [main] org.apache.catalina.startup.VersionLoggerListener.log Command line argument: --add-opens=java.base/java.util.concurrent=ALL-UNNAMED
21-Jan-2026 23:29:02.907 INFO [main] org.apache.catalina.startup.VersionLoggerListener.log Command line argument: --add-opens=java.rmi/sun.rmi.transport=ALL-UNNAMED
21-Jan-2026 23:29:02.907 INFO [main] org.apache.catalina.startup.VersionLoggerListener.log Command line argument: -Dcatalina.home=C:\Users\ASUS\Downloads\apache-tomcat-9.0.112\apache-tomcat-9.0.112
21-Jan-2026 23:29:02.907 INFO [main] org.apache.catalina.startup.VersionLoggerListener.log Command line argument: -Dcatalina.base=C:\Users\ASUS\OneDrive\Desktop\projects\Java\MyServletApp
21-Jan-2026 23:29:02.907 INFO [main] org.apache.catalina.startup.VersionLoggerListener.log Command line argument: -Djava.io.tmpdir=C:\Users\ASUS\OneDrive\Desktop\projects\Java\MyServletApp\temp
21-Jan-2026 23:29:02.907 INFO [main] org.apache.catalina.startup.VersionLoggerListener.log Command line argument: -Djava.util.logging.config.file=C:\Users\ASUS\OneDrive\Desktop\projects\Java\MyServletApp\conf\logging.properties
21-Jan-2026 23:29:02.907 INFO [main] org.apache.catalina.startup.VersionLoggerListener.log Command line argument: -Djava.util.logging.manager=org.apache.juli.ClassLoaderLogManager
21-Jan-2026 23:29:02.907 INFO [main] org.apache.catalina.startup.VersionLoggerListener.log Command line argument: -javaagent:C:\Program Files\JetBrains\IntelliJ IDEA Community Edition 2025.2.5\lib\idea_rt.jar=54254
21-Jan-2026 23:29:02.907 INFO [main] org.apache.catalina.startup.VersionLoggerListener.log Command line argument: -Dfile.encoding=UTF-8
21-Jan-2026 23:29:02.907 INFO [main] org.apache.catalina.startup.VersionLoggerListener.log Command line argument: -Dsun.stdout.encoding=UTF-8
21-Jan-2026 23:29:02.908 INFO [main] org.apache.catalina.startup.VersionLoggerListener.log Command line argument: -Dsun.stderr.encoding=UTF-8
21-Jan-2026 23:29:03.073 INFO [main] org.apache.catalina.core.AprLifecycleListener.lifecycleEvent The Apache Tomcat Native library which allows using OpenSSL was not found on the java.library.path: [C:\Program Files\Java\jdk-24\bin;C:\WINDOWS\Sun\Java\bin;C:\WINDOWS\system32;C:\WINDOWS;C:\Program Files\Common Files\Oracle\Java\javapath;C:\Program Files\Eclipse Adoptium\jdk-21.0.6.7-hotspot\bin;C:\Users\ASUS\AppData\Roaming\Microsoft\Windows\Start Menu\Programs\Python\Python39\Scripts;C:\WINDOWS;C:\WINDOWS\System32\Wbem;C:\WINDOWS\System32\WindowsPowerShell\v1.0\;C:\WINDOWS\System32\OpenSSH\;C:\Program Files\Git\cmd;C:\Program Files\Git\mingw64\bin;C:\Program Files\Git\usr\bin;C:\Program Files\CMake\bin;C:\WINDOWS\system32;C:\Program Files\nodejs\;C:\MinGW\bin;C:\Program Files\MySQL\MySQL Server 8.0\bin;C:\Program Files (x86)\sqlite3;C:\Program Files (x86)\Yarn\bin\;C:\Users\ASUS\AppData\Roaming\npm;C:\msys64\home\ASUS\.local\share\gem\ruby\3.3.0\bin;C:\Ruby32-x64\bin;C:\Ruby32-x64\msys64\usr\bin;C:\Program Files\Go\bin;C:\Program Files\k6\;C:\Ruby32-x64\bin;C:\RailsInstaller\Ruby3.1.2\bin;C:\Program Files (x86)\RailsInstaller\Ruby3.1.2\bin;C:\Users\ASUS\.pyenv\pyenv-win\bin;C:\Users\ASUS\.pyenv\pyenv-win\shims;C:\Program Files\MySQL\MySQL Shell 8.0\bin\;C:\Users\ASUS\AppData\Local\Programs\Python\Python38\Scripts\;C:\Users\ASUS\AppData\Local\Programs\Python\Python38\;C:\Users\ASUS\AppData\Local\Programs\Python\Python37-32\Scripts\;C:\Users\ASUS\AppData\Local\Programs\Python\Python37-32\;C:\Users\ASUS\AppData\Local\Programs\Python\Python38-32\Scripts\;C:\Users\ASUS\AppData\Local\Programs\Python\Python38-32\;C:\Users\ASUS\AppData\Local\Programs\Python\Python310\Scripts\;C:\Users\ASUS\AppData\Local\Programs\Python\Python310\;C:\Users\ASUS\AppData\Local\Microsoft\WindowsApps;C:\Program Files\sfdx\bin;C:\Program Files\JetBrains\PyCharm Community Edition 2022.2.1\bin;C:\Program Files\CMake\bin;C:\Users\ASUS\anaconda3\Scripts;C:\UsersASUS\anaconda3;C:\UsersASUS\anaconda3\Library\bin;C:\Users\ASUS\AppData\Roaming\Microsoft\Windows\Start Menu\Programs;C:\ProgramData\Anaconda3\Scripts;C:\Program Files\PostgreSQL\14\bin;C:\Users\ASUS\AppData\Local\Programs\Microsoft VS Code\bin;C:\Users\ASUS\Envs\ml2\Lib\site-packages\cv2;C:\Users\ASUS\AppData\Roaming\npm;C:\Users\ASUS\Downloads\protoc-22.0-win64\bin;C:\Users\ASUS\AppData\Local\Yarn\bin;C:\Users\ASUS\go\bin;C:\Program Files\Java\jdk-24\bin;C:\Program Files\JetBrains\IntelliJ IDEA Community Edition 2025.2.5\bin;C:\Users\ASUS\AppData\Local\Microsoft\WindowsApps;;.]
21-Jan-2026 23:29:04.040 INFO [main] org.apache.coyote.AbstractProtocol.init Initializing ProtocolHandler ["http-nio-8080"]
21-Jan-2026 23:29:04.084 INFO [main] org.apache.catalina.startup.Catalina.load Server initialization in [1725] milliseconds
21-Jan-2026 23:29:04.193 INFO [main] org.apache.catalina.core.StandardService.startInternal Starting service [Catalina]
21-Jan-2026 23:29:04.193 INFO [main] org.apache.catalina.core.StandardEngine.startInternal Starting Servlet engine: [Apache Tomcat/9.0.112]
21-Jan-2026 23:29:04.209 INFO [main] org.apache.catalina.startup.HostConfig.deployDescriptor Deploying deployment descriptor [C:\Users\ASUS\OneDrive\Desktop\projects\Java\MyServletApp\conf\Catalina\localhost\MyServletApp.xml]
21-Jan-2026 23:29:06.329 INFO [main] org.apache.jasper.servlet.TldScanner.scanJars At least one JAR was scanned for TLDs yet contained no TLDs. Enable debug logging for this logger for a complete list of JARs that were scanned but no TLDs were found in them. Skipping unneeded JARs during scanning can improve startup time and JSP compilation time.
21-Jan-2026 23:29:06.427 INFO [main] org.apache.catalina.startup.HostConfig.deployDescriptor Deployment of deployment descriptor [C:\Users\ASUS\OneDrive\Desktop\projects\Java\MyServletApp\conf\Catalina\localhost\MyServletApp.xml] has finished in [2,216] ms
21-Jan-2026 23:29:06.432 INFO [main] org.apache.coyote.AbstractProtocol.start Starting ProtocolHandler ["http-nio-8080"]
21-Jan-2026 23:29:06.467 INFO [main] org.apache.catalina.startup.Catalina.start Server startup in [2380] milliseconds
21-Jan-2026 23:45:58.423 INFO [Thread-1] org.apache.coyote.AbstractProtocol.pause Pausing ProtocolHandler ["http-nio-8080"]
21-Jan-2026 23:45:58.633 INFO [Thread-1] org.apache.catalina.core.StandardService.stopInternal Stopping service [Catalina]
21-Jan-2026 23:45:59.244 WARNING [Thread-1] org.apache.catalina.loader.WebappClassLoaderBase.clearReferencesJdbc The web application [MyServletApp] registered the JDBC driver [com.mysql.cj.jdbc.Driver] but failed to unregister it when the web application was stopped. To prevent a memory leak, the JDBC Driver has been forcibly unregistered.
21-Jan-2026 23:45:59.266 WARNING [Thread-1] org.apache.catalina.loader.WebappClassLoaderBase.clearReferencesThreads The web application [MyServletApp] appears to have started a thread named [mysql-cj-abandoned-connection-cleanup] but has failed to stop it. This is very likely to create a memory leak. Stack trace of thread:
 java.base/java.lang.Object.wait0(Native Method)
 java.base/java.lang.Object.wait(Object.java:389)
 java.base/java.lang.ref.ReferenceQueue.remove0(ReferenceQueue.java:124)
 java.base/java.lang.ref.ReferenceQueue.remove(ReferenceQueue.java:215)
 com.mysql.cj.jdbc.AbandonedConnectionCleanupThread.run(AbandonedConnectionCleanupThread.java:84)
 java.base/java.util.concurrent.ThreadPoolExecutor.runWorker(ThreadPoolExecutor.java:1095)
 java.base/java.util.concurrent.ThreadPoolExecutor$Worker.run(ThreadPoolExecutor.java:619)
 java.base/java.lang.Thread.run(Thread.java:1447)
21-Jan-2026 23:45:59.566 INFO [mysql-cj-abandoned-connection-cleanup] org.apache.catalina.loader.WebappClassLoaderBase.checkStateForResourceLoading Illegal access: this web application instance has been stopped already. Could not load []. The following stack trace is thrown for debugging purposes as well as to attempt to terminate the thread which caused the illegal access.
	java.lang.IllegalStateException: Illegal access: this web application instance has been stopped already. Could not load []. The following stack trace is thrown for debugging purposes as well as to attempt to terminate the thread which caused the illegal access.
		at org.apache.catalina.loader.WebappClassLoaderBase.checkStateForResourceLoading(WebappClassLoaderBase.java:1370)
		at org.apache.catalina.loader.WebappClassLoaderBase.getResource(WebappClassLoaderBase.java:994)
		at com.mysql.cj.jdbc.AbandonedConnectionCleanupThread.checkThreadContextClassLoader(AbandonedConnectionCleanupThread.java:116)
		at com.mysql.cj.jdbc.AbandonedConnectionCleanupThread.run(AbandonedConnectionCleanupThread.java:83)
		at java.base/java.util.concurrent.ThreadPoolExecutor.runWorker(ThreadPoolExecutor.java:1095)
		at java.base/java.util.concurrent.ThreadPoolExecutor$Worker.run(ThreadPoolExecutor.java:619)
		at java.base/java.lang.Thread.run(Thread.java:1447)
21-Jan-2026 23:45:59.655 INFO [Thread-1] org.apache.coyote.AbstractProtocol.stop Stopping ProtocolHandler ["http-nio-8080"]
21-Jan-2026 23:45:59.715 INFO [Thread-1] org.apache.coyote.AbstractProtocol.destroy Destroying ProtocolHandler ["http-nio-8080"]
21-Jan-2026 23:46:13.962 INFO [main] org.apache.catalina.startup.VersionLoggerListener.log Server version name:   Apache Tomcat/9.0.112
21-Jan-2026 23:46:13.967 INFO [main] org.apache.catalina.startup.VersionLoggerListener.log Server built:          Nov 6 2025 07:46:18 UTC
21-Jan-2026 23:46:13.968 INFO [main] org.apache.catalina.startup.VersionLoggerListener.log Server version number: 9.0.112.0
21-Jan-2026 23:46:13.968 INFO [main] org.apache.catalina.startup.VersionLoggerListener.log OS Name:               Windows 11
21-Jan-2026 23:46:13.968 INFO [main] org.apache.catalina.startup.VersionLoggerListener.log OS Version:            10.0
21-Jan-2026 23:46:13.968 INFO [main] org.apache.catalina.startup.VersionLoggerListener.log Architecture:          amd64
21-Jan-2026 23:46:13.968 INFO [main] org.apache.catalina.startup.VersionLoggerListener.log Java Home:             C:\Program Files\Java\jdk-24
21-Jan-2026 23:46:13.968 INFO [main] org.apache.catalina.startup.VersionLoggerListener.log JVM Version:           24+36-3646
21-Jan-2026 23:46:13.968 INFO [main] org.apache.catalina.startup.VersionLoggerListener.log JVM Vendor:            Oracle Corporation
21-Jan-2026 23:46:13.968 INFO [main] org.apache.catalina.startup.VersionLoggerListener.log CATALINA_BASE:         C:\Users\ASUS\OneDrive\Desktop\projects\Java\MyServletApp
21-Jan-2026 23:46:13.968 INFO [main] org.apache.catalina.startup.VersionLoggerListener.log CATALINA_HOME:         C:\Users\ASUS\Downloads\apache-tomcat-9.0.112\apache-tomcat-9.0.112
21-Jan-2026 23:46:13.983 INFO [main] org.apache.catalina.startup.VersionLoggerListener.log Command line argument: --add-opens=java.base/java.lang=ALL-UNNAMED
21-Jan-2026 23:46:13.983 INFO [main] org.apache.catalina.startup.VersionLoggerListener.log Command line argument: --add-opens=java.base/java.io=ALL-UNNAMED
21-Jan-2026 23:46:13.984 INFO [main] org.apache.catalina.startup.VersionLoggerListener.log Command line argument: --add-opens=java.base/java.util=ALL-UNNAMED
21-Jan-2026 23:46:13.984 INFO [main] org.apache.catalina.startup.VersionLoggerListener.log Command line argument: --add-opens=java.base/java.util.concurrent=ALL-UNNAMED
21-Jan-2026 23:46:13.984 INFO [main] org.apache.catalina.startup.VersionLoggerListener.log Command line argument: --add-opens=java.rmi/sun.rmi.transport=ALL-UNNAMED
21-Jan-2026 23:46:13.984 INFO [main] org.apache.catalina.startup.VersionLoggerListener.log Command line argument: -Dcatalina.home=C:\Users\ASUS\Downloads\apache-tomcat-9.0.112\apache-tomcat-9.0.112
21-Jan-2026 23:46:13.984 INFO [main] org.apache.catalina.startup.VersionLoggerListener.log Command line argument: -Dcatalina.base=C:\Users\ASUS\OneDrive\Desktop\projects\Java\MyServletApp
21-Jan-2026 23:46:13.984 INFO [main] org.apache.catalina.startup.VersionLoggerListener.log Command line argument: -Djava.io.tmpdir=C:\Users\ASUS\OneDrive\Desktop\projects\Java\MyServletApp\temp
21-Jan-2026 23:46:13.984 INFO [main] org.apache.catalina.startup.VersionLoggerListener.log Command line argument: -Djava.util.logging.config.file=C:\Users\ASUS\OneDrive\Desktop\projects\Java\MyServletApp\conf\logging.properties
21-Jan-2026 23:46:13.984 INFO [main] org.apache.catalina.startup.VersionLoggerListener.log Command line argument: -Djava.util.logging.manager=org.apache.juli.ClassLoaderLogManager
21-Jan-2026 23:46:13.984 INFO [main] org.apache.catalina.startup.VersionLoggerListener.log Command line argument: -javaagent:C:\Program Files\JetBrains\IntelliJ IDEA Community Edition 2025.2.5\lib\idea_rt.jar=65426
21-Jan-2026 23:46:13.985 INFO [main] org.apache.catalina.startup.VersionLoggerListener.log Command line argument: -Dfile.encoding=UTF-8
21-Jan-2026 23:46:13.985 INFO [main] org.apache.catalina.startup.VersionLoggerListener.log Command line argument: -Dsun.stdout.encoding=UTF-8
21-Jan-2026 23:46:13.985 INFO [main] org.apache.catalina.startup.VersionLoggerListener.log Command line argument: -Dsun.stderr.encoding=UTF-8
21-Jan-2026 23:46:14.057 INFO [main] org.apache.catalina.core.AprLifecycleListener.lifecycleEvent The Apache Tomcat Native library which allows using OpenSSL was not found on the java.library.path: [C:\Program Files\Java\jdk-24\bin;C:\WINDOWS\Sun\Java\bin;C:\WINDOWS\system32;C:\WINDOWS;C:\Program Files\Common Files\Oracle\Java\javapath;C:\Program Files\Eclipse Adoptium\jdk-21.0.6.7-hotspot\bin;C:\Users\ASUS\AppData\Roaming\Microsoft\Windows\Start Menu\Programs\Python\Python39\Scripts;C:\WINDOWS;C:\WINDOWS\System32\Wbem;C:\WINDOWS\System32\WindowsPowerShell\v1.0\;C:\WINDOWS\System32\OpenSSH\;C:\Program Files\Git\cmd;C:\Program Files\Git\mingw64\bin;C:\Program Files\Git\usr\bin;C:\Program Files\CMake\bin;C:\WINDOWS\system32;C:\Program Files\nodejs\;C:\MinGW\bin;C:\Program Files\MySQL\MySQL Server 8.0\bin;C:\Program Files (x86)\sqlite3;C:\Program Files (x86)\Yarn\bin\;C:\Users\ASUS\AppData\Roaming\npm;C:\msys64\home\ASUS\.local\share\gem\ruby\3.3.0\bin;C:\Ruby32-x64\bin;C:\Ruby32-x64\msys64\usr\bin;C:\Program Files\Go\bin;C:\Program Files\k6\;C:\Ruby32-x64\bin;C:\RailsInstaller\Ruby3.1.2\bin;C:\Program Files (x86)\RailsInstaller\Ruby3.1.2\bin;C:\Users\ASUS\.pyenv\pyenv-win\bin;C:\Users\ASUS\.pyenv\pyenv-win\shims;C:\Program Files\MySQL\MySQL Shell 8.0\bin\;C:\Users\ASUS\AppData\Local\Programs\Python\Python38\Scripts\;C:\Users\ASUS\AppData\Local\Programs\Python\Python38\;C:\Users\ASUS\AppData\Local\Programs\Python\Python37-32\Scripts\;C:\Users\ASUS\AppData\Local\Programs\Python\Python37-32\;C:\Users\ASUS\AppData\Local\Programs\Python\Python38-32\Scripts\;C:\Users\ASUS\AppData\Local\Programs\Python\Python38-32\;C:\Users\ASUS\AppData\Local\Programs\Python\Python310\Scripts\;C:\Users\ASUS\AppData\Local\Programs\Python\Python310\;C:\Users\ASUS\AppData\Local\Microsoft\WindowsApps;C:\Program Files\sfdx\bin;C:\Program Files\JetBrains\PyCharm Community Edition 2022.2.1\bin;C:\Program Files\CMake\bin;C:\Users\ASUS\anaconda3\Scripts;C:\UsersASUS\anaconda3;C:\UsersASUS\anaconda3\Library\bin;C:\Users\ASUS\AppData\Roaming\Microsoft\Windows\Start Menu\Programs;C:\ProgramData\Anaconda3\Scripts;C:\Program Files\PostgreSQL\14\bin;C:\Users\ASUS\AppData\Local\Programs\Microsoft VS Code\bin;C:\Users\ASUS\Envs\ml2\Lib\site-packages\cv2;C:\Users\ASUS\AppData\Roaming\npm;C:\Users\ASUS\Downloads\protoc-22.0-win64\bin;C:\Users\ASUS\AppData\Local\Yarn\bin;C:\Users\ASUS\go\bin;C:\Program Files\Java\jdk-24\bin;C:\Program Files\JetBrains\IntelliJ IDEA Community Edition 2025.2.5\bin;C:\Users\ASUS\AppData\Local\Microsoft\WindowsApps;;.]
21-Jan-2026 23:46:14.634 INFO [main] org.apache.coyote.AbstractProtocol.init Initializing ProtocolHandler ["http-nio-8080"]
21-Jan-2026 23:46:14.660 INFO [main] org.apache.catalina.startup.Catalina.load Server initialization in [1110] milliseconds
21-Jan-2026 23:46:14.740 INFO [main] org.apache.catalina.core.StandardService.startInternal Starting service [Catalina]
21-Jan-2026 23:46:14.740 INFO [main] org.apache.catalina.core.StandardEngine.startInternal Starting Servlet engine: [Apache Tomcat/9.0.112]
21-Jan-2026 23:46:14.754 INFO [main] org.apache.catalina.startup.HostConfig.deployDescriptor Deploying deployment descriptor [C:\Users\ASUS\OneDrive\Desktop\projects\Java\MyServletApp\conf\Catalina\localhost\MyServletApp.xml]
21-Jan-2026 23:46:16.729 INFO [main] org.apache.jasper.servlet.TldScanner.scanJars At least one JAR was scanned for TLDs yet contained no TLDs. Enable debug logging for this logger for a complete list of JARs that were scanned but no TLDs were found in them. Skipping unneeded JARs during scanning can improve startup time and JSP compilation time.
21-Jan-2026 23:46:16.816 INFO [main] org.apache.catalina.startup.HostConfig.deployDescriptor Deployment of deployment descriptor [C:\Users\ASUS\OneDrive\Desktop\projects\Java\MyServletApp\conf\Catalina\localhost\MyServletApp.xml] has finished in [2,060] ms
21-Jan-2026 23:46:16.822 INFO [main] org.apache.coyote.AbstractProtocol.start Starting ProtocolHandler ["http-nio-8080"]
21-Jan-2026 23:46:16.854 INFO [main] org.apache.catalina.startup.Catalina.start Server startup in [2189] milliseconds
