12-Jan-2026 08:48:25.469 INFO [main] org.apache.catalina.startup.VersionLoggerListener.log Server version name:   Apache Tomcat/9.0.112
12-Jan-2026 08:48:25.474 INFO [main] org.apache.catalina.startup.VersionLoggerListener.log Server built:          Nov 6 2025 07:46:18 UTC
12-Jan-2026 08:48:25.474 INFO [main] org.apache.catalina.startup.VersionLoggerListener.log Server version number: 9.0.112.0
12-Jan-2026 08:48:25.474 INFO [main] org.apache.catalina.startup.VersionLoggerListener.log OS Name:               Windows 11
12-Jan-2026 08:48:25.474 INFO [main] org.apache.catalina.startup.VersionLoggerListener.log OS Version:            10.0
12-Jan-2026 08:48:25.475 INFO [main] org.apache.catalina.startup.VersionLoggerListener.log Architecture:          amd64
12-Jan-2026 08:48:25.475 INFO [main] org.apache.catalina.startup.VersionLoggerListener.log Java Home:             C:\Program Files\Java\jdk-24
12-Jan-2026 08:48:25.475 INFO [main] org.apache.catalina.startup.VersionLoggerListener.log JVM Version:           24+36-3646
12-Jan-2026 08:48:25.475 INFO [main] org.apache.catalina.startup.VersionLoggerListener.log JVM Vendor:            Oracle Corporation
12-Jan-2026 08:48:25.475 INFO [main] org.apache.catalina.startup.VersionLoggerListener.log CATALINA_BASE:         C:\Users\ASUS\OneDrive\Desktop\projects\Java\MyServletApp
12-Jan-2026 08:48:25.475 INFO [main] org.apache.catalina.startup.VersionLoggerListener.log CATALINA_HOME:         C:\Users\ASUS\Downloads\apache-tomcat-9.0.112\apache-tomcat-9.0.112
12-Jan-2026 08:48:25.490 INFO [main] org.apache.catalina.startup.VersionLoggerListener.log Command line argument: --add-opens=java.base/java.lang=ALL-UNNAMED
12-Jan-2026 08:48:25.490 INFO [main] org.apache.catalina.startup.VersionLoggerListener.log Command line argument: --add-opens=java.base/java.io=ALL-UNNAMED
12-Jan-2026 08:48:25.490 INFO [main] org.apache.catalina.startup.VersionLoggerListener.log Command line argument: --add-opens=java.base/java.util=ALL-UNNAMED
12-Jan-2026 08:48:25.490 INFO [main] org.apache.catalina.startup.VersionLoggerListener.log Command line argument: --add-opens=java.base/java.util.concurrent=ALL-UNNAMED
12-Jan-2026 08:48:25.490 INFO [main] org.apache.catalina.startup.VersionLoggerListener.log Command line argument: --add-opens=java.rmi/sun.rmi.transport=ALL-UNNAMED
12-Jan-2026 08:48:25.490 INFO [main] org.apache.catalina.startup.VersionLoggerListener.log Command line argument: -Dcatalina.home=C:\Users\ASUS\Downloads\apache-tomcat-9.0.112\apache-tomcat-9.0.112
12-Jan-2026 08:48:25.491 INFO [main] org.apache.catalina.startup.VersionLoggerListener.log Command line argument: -Dcatalina.base=C:\Users\ASUS\OneDrive\Desktop\projects\Java\MyServletApp
12-Jan-2026 08:48:25.491 INFO [main] org.apache.catalina.startup.VersionLoggerListener.log Command line argument: -Djava.io.tmpdir=C:\Users\ASUS\OneDrive\Desktop\projects\Java\MyServletApp\temp
12-Jan-2026 08:48:25.491 INFO [main] org.apache.catalina.startup.VersionLoggerListener.log Command line argument: -Djava.util.logging.config.file=C:\Users\ASUS\OneDrive\Desktop\projects\Java\MyServletApp\conf\logging.properties
12-Jan-2026 08:48:25.491 INFO [main] org.apache.catalina.startup.VersionLoggerListener.log Command line argument: -Djava.util.logging.manager=org.apache.juli.ClassLoaderLogManager
12-Jan-2026 08:48:25.491 INFO [main] org.apache.catalina.startup.VersionLoggerListener.log Command line argument: -javaagent:C:\Program Files\JetBrains\IntelliJ IDEA Community Edition 2025.2.5\lib\idea_rt.jar=52998
12-Jan-2026 08:48:25.491 INFO [main] org.apache.catalina.startup.VersionLoggerListener.log Command line argument: -Dfile.encoding=UTF-8
12-Jan-2026 08:48:25.491 INFO [main] org.apache.catalina.startup.VersionLoggerListener.log Command line argument: -Dsun.stdout.encoding=UTF-8
12-Jan-2026 08:48:25.491 INFO [main] org.apache.catalina.startup.VersionLoggerListener.log Command line argument: -Dsun.stderr.encoding=UTF-8
12-Jan-2026 08:48:25.527 INFO [main] org.apache.catalina.core.AprLifecycleListener.lifecycleEvent The Apache Tomcat Native library which allows using OpenSSL was not found on the java.library.path: [C:\Program Files\Java\jdk-24\bin;C:\WINDOWS\Sun\Java\bin;C:\WINDOWS\system32;C:\WINDOWS;C:\Program Files\Common Files\Oracle\Java\javapath;C:\Program Files\Eclipse Adoptium\jdk-21.0.6.7-hotspot\bin;C:\Users\ASUS\AppData\Roaming\Microsoft\Windows\Start Menu\Programs\Python\Python39\Scripts;C:\WINDOWS;C:\WINDOWS\System32\Wbem;C:\WINDOWS\System32\WindowsPowerShell\v1.0\;C:\WINDOWS\System32\OpenSSH\;C:\Program Files\Git\cmd;C:\Program Files\Git\mingw64\bin;C:\Program Files\Git\usr\bin;C:\Program Files\CMake\bin;C:\WINDOWS\system32;C:\Program Files\nodejs\;C:\MinGW\bin;C:\Program Files\MySQL\MySQL Server 8.0\bin;C:\Program Files (x86)\sqlite3;C:\Program Files (x86)\Yarn\bin\;C:\Users\ASUS\AppData\Roaming\npm;C:\msys64\home\ASUS\.local\share\gem\ruby\3.3.0\bin;C:\Ruby32-x64\bin;C:\Ruby32-x64\msys64\usr\bin;C:\Program Files\Go\bin;C:\Program Files\k6\;C:\Ruby32-x64\bin;C:\RailsInstaller\Ruby3.1.2\bin;C:\Program Files (x86)\RailsInstaller\Ruby3.1.2\bin;C:\Users\ASUS\.pyenv\pyenv-win\bin;C:\Users\ASUS\.pyenv\pyenv-win\shims;C:\Program Files\MySQL\MySQL Shell 8.0\bin\;C:\Users\ASUS\AppData\Local\Programs\Python\Python38\Scripts\;C:\Users\ASUS\AppData\Local\Programs\Python\Python38\;C:\Users\ASUS\AppData\Local\Programs\Python\Python37-32\Scripts\;C:\Users\ASUS\AppData\Local\Programs\Python\Python37-32\;C:\Users\ASUS\AppData\Local\Programs\Python\Python38-32\Scripts\;C:\Users\ASUS\AppData\Local\Programs\Python\Python38-32\;C:\Users\ASUS\AppData\Local\Programs\Python\Python310\Scripts\;C:\Users\ASUS\AppData\Local\Programs\Python\Python310\;C:\Users\ASUS\AppData\Local\Microsoft\WindowsApps;C:\Program Files\sfdx\bin;C:\Program Files\JetBrains\PyCharm Community Edition 2022.2.1\bin;C:\Program Files\CMake\bin;C:\Users\ASUS\anaconda3\Scripts;C:\UsersASUS\anaconda3;C:\UsersASUS\anaconda3\Library\bin;C:\Users\ASUS\AppData\Roaming\Microsoft\Windows\Start Menu\Programs;C:\ProgramData\Anaconda3\Scripts;C:\Program Files\PostgreSQL\14\bin;C:\Users\ASUS\AppData\Local\Programs\Microsoft VS Code\bin;C:\Users\ASUS\Envs\ml2\Lib\site-packages\cv2;C:\Users\ASUS\AppData\Roaming\npm;C:\Users\ASUS\Downloads\protoc-22.0-win64\bin;C:\Users\ASUS\AppData\Local\Yarn\bin;C:\Users\ASUS\go\bin;C:\Program Files\Java\jdk-24\bin;C:\Program Files\JetBrains\IntelliJ IDEA Community Edition 2025.2.5\bin;C:\Users\ASUS\AppData\Local\Microsoft\WindowsApps;;.]
12-Jan-2026 08:48:26.282 INFO [main] org.apache.coyote.AbstractProtocol.init Initializing ProtocolHandler ["http-nio-8080"]
12-Jan-2026 08:48:26.349 INFO [main] org.apache.catalina.startup.Catalina.load Server initialization in [1336] milliseconds
12-Jan-2026 08:48:26.453 INFO [main] org.apache.catalina.core.StandardService.startInternal Starting service [Catalina]
12-Jan-2026 08:48:26.454 INFO [main] org.apache.catalina.core.StandardEngine.startInternal Starting Servlet engine: [Apache Tomcat/9.0.112]
12-Jan-2026 08:48:26.473 INFO [main] org.apache.catalina.startup.HostConfig.deployDescriptor Deploying deployment descriptor [C:\Users\ASUS\OneDrive\Desktop\projects\Java\MyServletApp\conf\Catalina\localhost\MyServletApp.xml]
12-Jan-2026 08:48:27.343 INFO [main] org.apache.catalina.startup.HostConfig.deployDescriptor Deployment of deployment descriptor [C:\Users\ASUS\OneDrive\Desktop\projects\Java\MyServletApp\conf\Catalina\localhost\MyServletApp.xml] has finished in [866] ms
12-Jan-2026 08:48:27.349 INFO [main] org.apache.coyote.AbstractProtocol.start Starting ProtocolHandler ["http-nio-8080"]
12-Jan-2026 08:48:27.392 INFO [main] org.apache.catalina.startup.Catalina.start Server startup in [1035] milliseconds
12-Jan-2026 08:54:04.832 INFO [Thread-1] org.apache.coyote.AbstractProtocol.pause Pausing ProtocolHandler ["http-nio-8080"]
12-Jan-2026 08:54:04.842 INFO [Thread-1] org.apache.catalina.core.StandardService.stopInternal Stopping service [Catalina]
12-Jan-2026 08:54:04.858 INFO [Thread-1] org.apache.coyote.AbstractProtocol.stop Stopping ProtocolHandler ["http-nio-8080"]
12-Jan-2026 08:54:04.866 INFO [Thread-1] org.apache.coyote.AbstractProtocol.destroy Destroying ProtocolHandler ["http-nio-8080"]
12-Jan-2026 08:54:07.998 INFO [main] org.apache.catalina.startup.VersionLoggerListener.log Server version name:   Apache Tomcat/9.0.112
12-Jan-2026 08:54:08.008 INFO [main] org.apache.catalina.startup.VersionLoggerListener.log Server built:          Nov 6 2025 07:46:18 UTC
12-Jan-2026 08:54:08.012 INFO [main] org.apache.catalina.startup.VersionLoggerListener.log Server version number: 9.0.112.0
12-Jan-2026 08:54:08.019 INFO [main] org.apache.catalina.startup.VersionLoggerListener.log OS Name:               Windows 11
12-Jan-2026 08:54:08.021 INFO [main] org.apache.catalina.startup.VersionLoggerListener.log OS Version:            10.0
12-Jan-2026 08:54:08.021 INFO [main] org.apache.catalina.startup.VersionLoggerListener.log Architecture:          amd64
12-Jan-2026 08:54:08.027 INFO [main] org.apache.catalina.startup.VersionLoggerListener.log Java Home:             C:\Program Files\Java\jdk-24
12-Jan-2026 08:54:08.031 INFO [main] org.apache.catalina.startup.VersionLoggerListener.log JVM Version:           24+36-3646
12-Jan-2026 08:54:08.032 INFO [main] org.apache.catalina.startup.VersionLoggerListener.log JVM Vendor:            Oracle Corporation
12-Jan-2026 08:54:08.036 INFO [main] org.apache.catalina.startup.VersionLoggerListener.log CATALINA_BASE:         C:\Users\ASUS\OneDrive\Desktop\projects\Java\MyServletApp
12-Jan-2026 08:54:08.036 INFO [main] org.apache.catalina.startup.VersionLoggerListener.log CATALINA_HOME:         C:\Users\ASUS\Downloads\apache-tomcat-9.0.112\apache-tomcat-9.0.112
12-Jan-2026 08:54:08.046 INFO [main] org.apache.catalina.startup.VersionLoggerListener.log Command line argument: --add-opens=java.base/java.lang=ALL-UNNAMED
12-Jan-2026 08:54:08.047 INFO [main] org.apache.catalina.startup.VersionLoggerListener.log Command line argument: --add-opens=java.base/java.io=ALL-UNNAMED
12-Jan-2026 08:54:08.048 INFO [main] org.apache.catalina.startup.VersionLoggerListener.log Command line argument: --add-opens=java.base/java.util=ALL-UNNAMED
12-Jan-2026 08:54:08.048 INFO [main] org.apache.catalina.startup.VersionLoggerListener.log Command line argument: --add-opens=java.base/java.util.concurrent=ALL-UNNAMED
12-Jan-2026 08:54:08.048 INFO [main] org.apache.catalina.startup.VersionLoggerListener.log Command line argument: --add-opens=java.rmi/sun.rmi.transport=ALL-UNNAMED
12-Jan-2026 08:54:08.048 INFO [main] org.apache.catalina.startup.VersionLoggerListener.log Command line argument: -Dcatalina.home=C:\Users\ASUS\Downloads\apache-tomcat-9.0.112\apache-tomcat-9.0.112
12-Jan-2026 08:54:08.048 INFO [main] org.apache.catalina.startup.VersionLoggerListener.log Command line argument: -Dcatalina.base=C:\Users\ASUS\OneDrive\Desktop\projects\Java\MyServletApp
12-Jan-2026 08:54:08.048 INFO [main] org.apache.catalina.startup.VersionLoggerListener.log Command line argument: -Djava.io.tmpdir=C:\Users\ASUS\OneDrive\Desktop\projects\Java\MyServletApp\temp
12-Jan-2026 08:54:08.049 INFO [main] org.apache.catalina.startup.VersionLoggerListener.log Command line argument: -Djava.util.logging.config.file=C:\Users\ASUS\OneDrive\Desktop\projects\Java\MyServletApp\conf\logging.properties
12-Jan-2026 08:54:08.049 INFO [main] org.apache.catalina.startup.VersionLoggerListener.log Command line argument: -Djava.util.logging.manager=org.apache.juli.ClassLoaderLogManager
12-Jan-2026 08:54:08.050 INFO [main] org.apache.catalina.startup.VersionLoggerListener.log Command line argument: -javaagent:C:\Program Files\JetBrains\IntelliJ IDEA Community Edition 2025.2.5\lib\idea_rt.jar=49295
12-Jan-2026 08:54:08.050 INFO [main] org.apache.catalina.startup.VersionLoggerListener.log Command line argument: -Dfile.encoding=UTF-8
12-Jan-2026 08:54:08.050 INFO [main] org.apache.catalina.startup.VersionLoggerListener.log Command line argument: -Dsun.stdout.encoding=UTF-8
12-Jan-2026 08:54:08.050 INFO [main] org.apache.catalina.startup.VersionLoggerListener.log Command line argument: -Dsun.stderr.encoding=UTF-8
12-Jan-2026 08:54:08.087 INFO [main] org.apache.catalina.core.AprLifecycleListener.lifecycleEvent The Apache Tomcat Native library which allows using OpenSSL was not found on the java.library.path: [C:\Program Files\Java\jdk-24\bin;C:\WINDOWS\Sun\Java\bin;C:\WINDOWS\system32;C:\WINDOWS;C:\Program Files\Common Files\Oracle\Java\javapath;C:\Program Files\Eclipse Adoptium\jdk-21.0.6.7-hotspot\bin;C:\Users\ASUS\AppData\Roaming\Microsoft\Windows\Start Menu\Programs\Python\Python39\Scripts;C:\WINDOWS;C:\WINDOWS\System32\Wbem;C:\WINDOWS\System32\WindowsPowerShell\v1.0\;C:\WINDOWS\System32\OpenSSH\;C:\Program Files\Git\cmd;C:\Program Files\Git\mingw64\bin;C:\Program Files\Git\usr\bin;C:\Program Files\CMake\bin;C:\WINDOWS\system32;C:\Program Files\nodejs\;C:\MinGW\bin;C:\Program Files\MySQL\MySQL Server 8.0\bin;C:\Program Files (x86)\sqlite3;C:\Program Files (x86)\Yarn\bin\;C:\Users\ASUS\AppData\Roaming\npm;C:\msys64\home\ASUS\.local\share\gem\ruby\3.3.0\bin;C:\Ruby32-x64\bin;C:\Ruby32-x64\msys64\usr\bin;C:\Program Files\Go\bin;C:\Program Files\k6\;C:\Ruby32-x64\bin;C:\RailsInstaller\Ruby3.1.2\bin;C:\Program Files (x86)\RailsInstaller\Ruby3.1.2\bin;C:\Users\ASUS\.pyenv\pyenv-win\bin;C:\Users\ASUS\.pyenv\pyenv-win\shims;C:\Program Files\MySQL\MySQL Shell 8.0\bin\;C:\Users\ASUS\AppData\Local\Programs\Python\Python38\Scripts\;C:\Users\ASUS\AppData\Local\Programs\Python\Python38\;C:\Users\ASUS\AppData\Local\Programs\Python\Python37-32\Scripts\;C:\Users\ASUS\AppData\Local\Programs\Python\Python37-32\;C:\Users\ASUS\AppData\Local\Programs\Python\Python38-32\Scripts\;C:\Users\ASUS\AppData\Local\Programs\Python\Python38-32\;C:\Users\ASUS\AppData\Local\Programs\Python\Python310\Scripts\;C:\Users\ASUS\AppData\Local\Programs\Python\Python310\;C:\Users\ASUS\AppData\Local\Microsoft\WindowsApps;C:\Program Files\sfdx\bin;C:\Program Files\JetBrains\PyCharm Community Edition 2022.2.1\bin;C:\Program Files\CMake\bin;C:\Users\ASUS\anaconda3\Scripts;C:\UsersASUS\anaconda3;C:\UsersASUS\anaconda3\Library\bin;C:\Users\ASUS\AppData\Roaming\Microsoft\Windows\Start Menu\Programs;C:\ProgramData\Anaconda3\Scripts;C:\Program Files\PostgreSQL\14\bin;C:\Users\ASUS\AppData\Local\Programs\Microsoft VS Code\bin;C:\Users\ASUS\Envs\ml2\Lib\site-packages\cv2;C:\Users\ASUS\AppData\Roaming\npm;C:\Users\ASUS\Downloads\protoc-22.0-win64\bin;C:\Users\ASUS\AppData\Local\Yarn\bin;C:\Users\ASUS\go\bin;C:\Program Files\Java\jdk-24\bin;C:\Program Files\JetBrains\IntelliJ IDEA Community Edition 2025.2.5\bin;C:\Users\ASUS\AppData\Local\Microsoft\WindowsApps;;.]
12-Jan-2026 08:54:08.681 INFO [main] org.apache.coyote.AbstractProtocol.init Initializing ProtocolHandler ["http-nio-8080"]
12-Jan-2026 08:54:08.707 INFO [main] org.apache.catalina.startup.Catalina.load Server initialization in [1067] milliseconds
12-Jan-2026 08:54:08.788 INFO [main] org.apache.catalina.core.StandardService.startInternal Starting service [Catalina]
12-Jan-2026 08:54:08.789 INFO [main] org.apache.catalina.core.StandardEngine.startInternal Starting Servlet engine: [Apache Tomcat/9.0.112]
12-Jan-2026 08:54:08.806 INFO [main] org.apache.catalina.startup.HostConfig.deployDescriptor Deploying deployment descriptor [C:\Users\ASUS\OneDrive\Desktop\projects\Java\MyServletApp\conf\Catalina\localhost\MyServletApp.xml]
12-Jan-2026 08:54:09.542 INFO [main] org.apache.catalina.startup.HostConfig.deployDescriptor Deployment of deployment descriptor [C:\Users\ASUS\OneDrive\Desktop\projects\Java\MyServletApp\conf\Catalina\localhost\MyServletApp.xml] has finished in [734] ms
12-Jan-2026 08:54:09.548 INFO [main] org.apache.coyote.AbstractProtocol.start Starting ProtocolHandler ["http-nio-8080"]
12-Jan-2026 08:54:09.590 INFO [main] org.apache.catalina.startup.Catalina.start Server startup in [880] milliseconds
12-Jan-2026 08:56:37.506 INFO [Thread-1] org.apache.coyote.AbstractProtocol.pause Pausing ProtocolHandler ["http-nio-8080"]
12-Jan-2026 08:56:37.531 INFO [Thread-1] org.apache.catalina.core.StandardService.stopInternal Stopping service [Catalina]
12-Jan-2026 08:56:37.550 INFO [Thread-1] org.apache.coyote.AbstractProtocol.stop Stopping ProtocolHandler ["http-nio-8080"]
12-Jan-2026 08:56:37.559 INFO [Thread-1] org.apache.coyote.AbstractProtocol.destroy Destroying ProtocolHandler ["http-nio-8080"]
12-Jan-2026 08:56:40.004 INFO [main] org.apache.catalina.startup.VersionLoggerListener.log Server version name:   Apache Tomcat/9.0.112
12-Jan-2026 08:56:40.014 INFO [main] org.apache.catalina.startup.VersionLoggerListener.log Server built:          Nov 6 2025 07:46:18 UTC
12-Jan-2026 08:56:40.014 INFO [main] org.apache.catalina.startup.VersionLoggerListener.log Server version number: 9.0.112.0
12-Jan-2026 08:56:40.014 INFO [main] org.apache.catalina.startup.VersionLoggerListener.log OS Name:               Windows 11
12-Jan-2026 08:56:40.014 INFO [main] org.apache.catalina.startup.VersionLoggerListener.log OS Version:            10.0
12-Jan-2026 08:56:40.015 INFO [main] org.apache.catalina.startup.VersionLoggerListener.log Architecture:          amd64
12-Jan-2026 08:56:40.015 INFO [main] org.apache.catalina.startup.VersionLoggerListener.log Java Home:             C:\Program Files\Java\jdk-24
12-Jan-2026 08:56:40.016 INFO [main] org.apache.catalina.startup.VersionLoggerListener.log JVM Version:           24+36-3646
12-Jan-2026 08:56:40.016 INFO [main] org.apache.catalina.startup.VersionLoggerListener.log JVM Vendor:            Oracle Corporation
12-Jan-2026 08:56:40.017 INFO [main] org.apache.catalina.startup.VersionLoggerListener.log CATALINA_BASE:         C:\Users\ASUS\OneDrive\Desktop\projects\Java\MyServletApp
12-Jan-2026 08:56:40.017 INFO [main] org.apache.catalina.startup.VersionLoggerListener.log CATALINA_HOME:         C:\Users\ASUS\Downloads\apache-tomcat-9.0.112\apache-tomcat-9.0.112
12-Jan-2026 08:56:40.043 INFO [main] org.apache.catalina.startup.VersionLoggerListener.log Command line argument: --add-opens=java.base/java.lang=ALL-UNNAMED
12-Jan-2026 08:56:40.043 INFO [main] org.apache.catalina.startup.VersionLoggerListener.log Command line argument: --add-opens=java.base/java.io=ALL-UNNAMED
12-Jan-2026 08:56:40.044 INFO [main] org.apache.catalina.startup.VersionLoggerListener.log Command line argument: --add-opens=java.base/java.util=ALL-UNNAMED
12-Jan-2026 08:56:40.044 INFO [main] org.apache.catalina.startup.VersionLoggerListener.log Command line argument: --add-opens=java.base/java.util.concurrent=ALL-UNNAMED
12-Jan-2026 08:56:40.044 INFO [main] org.apache.catalina.startup.VersionLoggerListener.log Command line argument: --add-opens=java.rmi/sun.rmi.transport=ALL-UNNAMED
12-Jan-2026 08:56:40.044 INFO [main] org.apache.catalina.startup.VersionLoggerListener.log Command line argument: -Dcatalina.home=C:\Users\ASUS\Downloads\apache-tomcat-9.0.112\apache-tomcat-9.0.112
12-Jan-2026 08:56:40.045 INFO [main] org.apache.catalina.startup.VersionLoggerListener.log Command line argument: -Dcatalina.base=C:\Users\ASUS\OneDrive\Desktop\projects\Java\MyServletApp
12-Jan-2026 08:56:40.045 INFO [main] org.apache.catalina.startup.VersionLoggerListener.log Command line argument: -Djava.io.tmpdir=C:\Users\ASUS\OneDrive\Desktop\projects\Java\MyServletApp\temp
12-Jan-2026 08:56:40.045 INFO [main] org.apache.catalina.startup.VersionLoggerListener.log Command line argument: -Djava.util.logging.config.file=C:\Users\ASUS\OneDrive\Desktop\projects\Java\MyServletApp\conf\logging.properties
12-Jan-2026 08:56:40.045 INFO [main] org.apache.catalina.startup.VersionLoggerListener.log Command line argument: -Djava.util.logging.manager=org.apache.juli.ClassLoaderLogManager
12-Jan-2026 08:56:40.045 INFO [main] org.apache.catalina.startup.VersionLoggerListener.log Command line argument: -javaagent:C:\Program Files\JetBrains\IntelliJ IDEA Community Edition 2025.2.5\lib\idea_rt.jar=54589
12-Jan-2026 08:56:40.045 INFO [main] org.apache.catalina.startup.VersionLoggerListener.log Command line argument: -Dfile.encoding=UTF-8
12-Jan-2026 08:56:40.046 INFO [main] org.apache.catalina.startup.VersionLoggerListener.log Command line argument: -Dsun.stdout.encoding=UTF-8
12-Jan-2026 08:56:40.046 INFO [main] org.apache.catalina.startup.VersionLoggerListener.log Command line argument: -Dsun.stderr.encoding=UTF-8
12-Jan-2026 08:56:40.090 INFO [main] org.apache.catalina.core.AprLifecycleListener.lifecycleEvent The Apache Tomcat Native library which allows using OpenSSL was not found on the java.library.path: [C:\Program Files\Java\jdk-24\bin;C:\WINDOWS\Sun\Java\bin;C:\WINDOWS\system32;C:\WINDOWS;C:\Program Files\Common Files\Oracle\Java\javapath;C:\Program Files\Eclipse Adoptium\jdk-21.0.6.7-hotspot\bin;C:\Users\ASUS\AppData\Roaming\Microsoft\Windows\Start Menu\Programs\Python\Python39\Scripts;C:\WINDOWS;C:\WINDOWS\System32\Wbem;C:\WINDOWS\System32\WindowsPowerShell\v1.0\;C:\WINDOWS\System32\OpenSSH\;C:\Program Files\Git\cmd;C:\Program Files\Git\mingw64\bin;C:\Program Files\Git\usr\bin;C:\Program Files\CMake\bin;C:\WINDOWS\system32;C:\Program Files\nodejs\;C:\MinGW\bin;C:\Program Files\MySQL\MySQL Server 8.0\bin;C:\Program Files (x86)\sqlite3;C:\Program Files (x86)\Yarn\bin\;C:\Users\ASUS\AppData\Roaming\npm;C:\msys64\home\ASUS\.local\share\gem\ruby\3.3.0\bin;C:\Ruby32-x64\bin;C:\Ruby32-x64\msys64\usr\bin;C:\Program Files\Go\bin;C:\Program Files\k6\;C:\Ruby32-x64\bin;C:\RailsInstaller\Ruby3.1.2\bin;C:\Program Files (x86)\RailsInstaller\Ruby3.1.2\bin;C:\Users\ASUS\.pyenv\pyenv-win\bin;C:\Users\ASUS\.pyenv\pyenv-win\shims;C:\Program Files\MySQL\MySQL Shell 8.0\bin\;C:\Users\ASUS\AppData\Local\Programs\Python\Python38\Scripts\;C:\Users\ASUS\AppData\Local\Programs\Python\Python38\;C:\Users\ASUS\AppData\Local\Programs\Python\Python37-32\Scripts\;C:\Users\ASUS\AppData\Local\Programs\Python\Python37-32\;C:\Users\ASUS\AppData\Local\Programs\Python\Python38-32\Scripts\;C:\Users\ASUS\AppData\Local\Programs\Python\Python38-32\;C:\Users\ASUS\AppData\Local\Programs\Python\Python310\Scripts\;C:\Users\ASUS\AppData\Local\Programs\Python\Python310\;C:\Users\ASUS\AppData\Local\Microsoft\WindowsApps;C:\Program Files\sfdx\bin;C:\Program Files\JetBrains\PyCharm Community Edition 2022.2.1\bin;C:\Program Files\CMake\bin;C:\Users\ASUS\anaconda3\Scripts;C:\UsersASUS\anaconda3;C:\UsersASUS\anaconda3\Library\bin;C:\Users\ASUS\AppData\Roaming\Microsoft\Windows\Start Menu\Programs;C:\ProgramData\Anaconda3\Scripts;C:\Program Files\PostgreSQL\14\bin;C:\Users\ASUS\AppData\Local\Programs\Microsoft VS Code\bin;C:\Users\ASUS\Envs\ml2\Lib\site-packages\cv2;C:\Users\ASUS\AppData\Roaming\npm;C:\Users\ASUS\Downloads\protoc-22.0-win64\bin;C:\Users\ASUS\AppData\Local\Yarn\bin;C:\Users\ASUS\go\bin;C:\Program Files\Java\jdk-24\bin;C:\Program Files\JetBrains\IntelliJ IDEA Community Edition 2025.2.5\bin;C:\Users\ASUS\AppData\Local\Microsoft\WindowsApps;;.]
12-Jan-2026 08:56:40.682 INFO [main] org.apache.coyote.AbstractProtocol.init Initializing ProtocolHandler ["http-nio-8080"]
12-Jan-2026 08:56:40.709 INFO [main] org.apache.catalina.startup.Catalina.load Server initialization in [1081] milliseconds
12-Jan-2026 08:56:40.780 INFO [main] org.apache.catalina.core.StandardService.startInternal Starting service [Catalina]
12-Jan-2026 08:56:40.781 INFO [main] org.apache.catalina.core.StandardEngine.startInternal Starting Servlet engine: [Apache Tomcat/9.0.112]
12-Jan-2026 08:56:40.797 INFO [main] org.apache.catalina.startup.HostConfig.deployDescriptor Deploying deployment descriptor [C:\Users\ASUS\OneDrive\Desktop\projects\Java\MyServletApp\conf\Catalina\localhost\MyServletApp.xml]
12-Jan-2026 08:56:41.586 INFO [main] org.apache.catalina.startup.HostConfig.deployDescriptor Deployment of deployment descriptor [C:\Users\ASUS\OneDrive\Desktop\projects\Java\MyServletApp\conf\Catalina\localhost\MyServletApp.xml] has finished in [787] ms
12-Jan-2026 08:56:41.592 INFO [main] org.apache.coyote.AbstractProtocol.start Starting ProtocolHandler ["http-nio-8080"]
12-Jan-2026 08:56:41.634 INFO [main] org.apache.catalina.startup.Catalina.start Server startup in [922] milliseconds
12-Jan-2026 08:57:21.051 INFO [Thread-1] org.apache.coyote.AbstractProtocol.pause Pausing ProtocolHandler ["http-nio-8080"]
12-Jan-2026 08:57:21.062 INFO [Thread-1] org.apache.catalina.core.StandardService.stopInternal Stopping service [Catalina]
12-Jan-2026 08:57:21.083 INFO [Thread-1] org.apache.coyote.AbstractProtocol.stop Stopping ProtocolHandler ["http-nio-8080"]
12-Jan-2026 08:57:21.098 INFO [Thread-1] org.apache.coyote.AbstractProtocol.destroy Destroying ProtocolHandler ["http-nio-8080"]
12-Jan-2026 08:57:25.853 INFO [main] org.apache.catalina.startup.VersionLoggerListener.log Server version name:   Apache Tomcat/9.0.112
12-Jan-2026 08:57:25.856 INFO [main] org.apache.catalina.startup.VersionLoggerListener.log Server built:          Nov 6 2025 07:46:18 UTC
12-Jan-2026 08:57:25.857 INFO [main] org.apache.catalina.startup.VersionLoggerListener.log Server version number: 9.0.112.0
12-Jan-2026 08:57:25.857 INFO [main] org.apache.catalina.startup.VersionLoggerListener.log OS Name:               Windows 11
12-Jan-2026 08:57:25.857 INFO [main] org.apache.catalina.startup.VersionLoggerListener.log OS Version:            10.0
12-Jan-2026 08:57:25.857 INFO [main] org.apache.catalina.startup.VersionLoggerListener.log Architecture:          amd64
12-Jan-2026 08:57:25.857 INFO [main] org.apache.catalina.startup.VersionLoggerListener.log Java Home:             C:\Program Files\Java\jdk-24
12-Jan-2026 08:57:25.858 INFO [main] org.apache.catalina.startup.VersionLoggerListener.log JVM Version:           24+36-3646
12-Jan-2026 08:57:25.858 INFO [main] org.apache.catalina.startup.VersionLoggerListener.log JVM Vendor:            Oracle Corporation
12-Jan-2026 08:57:25.858 INFO [main] org.apache.catalina.startup.VersionLoggerListener.log CATALINA_BASE:         C:\Users\ASUS\OneDrive\Desktop\projects\Java\MyServletApp
12-Jan-2026 08:57:25.858 INFO [main] org.apache.catalina.startup.VersionLoggerListener.log CATALINA_HOME:         C:\Users\ASUS\Downloads\apache-tomcat-9.0.112\apache-tomcat-9.0.112
12-Jan-2026 08:57:25.870 INFO [main] org.apache.catalina.startup.VersionLoggerListener.log Command line argument: --add-opens=java.base/java.lang=ALL-UNNAMED
12-Jan-2026 08:57:25.870 INFO [main] org.apache.catalina.startup.VersionLoggerListener.log Command line argument: --add-opens=java.base/java.io=ALL-UNNAMED
12-Jan-2026 08:57:25.870 INFO [main] org.apache.catalina.startup.VersionLoggerListener.log Command line argument: --add-opens=java.base/java.util=ALL-UNNAMED
12-Jan-2026 08:57:25.870 INFO [main] org.apache.catalina.startup.VersionLoggerListener.log Command line argument: --add-opens=java.base/java.util.concurrent=ALL-UNNAMED
12-Jan-2026 08:57:25.870 INFO [main] org.apache.catalina.startup.VersionLoggerListener.log Command line argument: --add-opens=java.rmi/sun.rmi.transport=ALL-UNNAMED
12-Jan-2026 08:57:25.870 INFO [main] org.apache.catalina.startup.VersionLoggerListener.log Command line argument: -Dcatalina.home=C:\Users\ASUS\Downloads\apache-tomcat-9.0.112\apache-tomcat-9.0.112
12-Jan-2026 08:57:25.870 INFO [main] org.apache.catalina.startup.VersionLoggerListener.log Command line argument: -Dcatalina.base=C:\Users\ASUS\OneDrive\Desktop\projects\Java\MyServletApp
12-Jan-2026 08:57:25.871 INFO [main] org.apache.catalina.startup.VersionLoggerListener.log Command line argument: -Djava.io.tmpdir=C:\Users\ASUS\OneDrive\Desktop\projects\Java\MyServletApp\temp
12-Jan-2026 08:57:25.871 INFO [main] org.apache.catalina.startup.VersionLoggerListener.log Command line argument: -Djava.util.logging.config.file=C:\Users\ASUS\OneDrive\Desktop\projects\Java\MyServletApp\conf\logging.properties
12-Jan-2026 08:57:25.871 INFO [main] org.apache.catalina.startup.VersionLoggerListener.log Command line argument: -Djava.util.logging.manager=org.apache.juli.ClassLoaderLogManager
12-Jan-2026 08:57:25.871 INFO [main] org.apache.catalina.startup.VersionLoggerListener.log Command line argument: -javaagent:C:\Program Files\JetBrains\IntelliJ IDEA Community Edition 2025.2.5\lib\idea_rt.jar=50304
12-Jan-2026 08:57:25.871 INFO [main] org.apache.catalina.startup.VersionLoggerListener.log Command line argument: -Dfile.encoding=UTF-8
12-Jan-2026 08:57:25.871 INFO [main] org.apache.catalina.startup.VersionLoggerListener.log Command line argument: -Dsun.stdout.encoding=UTF-8
12-Jan-2026 08:57:25.871 INFO [main] org.apache.catalina.startup.VersionLoggerListener.log Command line argument: -Dsun.stderr.encoding=UTF-8
12-Jan-2026 08:57:25.898 INFO [main] org.apache.catalina.core.AprLifecycleListener.lifecycleEvent The Apache Tomcat Native library which allows using OpenSSL was not found on the java.library.path: [C:\Program Files\Java\jdk-24\bin;C:\WINDOWS\Sun\Java\bin;C:\WINDOWS\system32;C:\WINDOWS;C:\Program Files\Common Files\Oracle\Java\javapath;C:\Program Files\Eclipse Adoptium\jdk-21.0.6.7-hotspot\bin;C:\Users\ASUS\AppData\Roaming\Microsoft\Windows\Start Menu\Programs\Python\Python39\Scripts;C:\WINDOWS;C:\WINDOWS\System32\Wbem;C:\WINDOWS\System32\WindowsPowerShell\v1.0\;C:\WINDOWS\System32\OpenSSH\;C:\Program Files\Git\cmd;C:\Program Files\Git\mingw64\bin;C:\Program Files\Git\usr\bin;C:\Program Files\CMake\bin;C:\WINDOWS\system32;C:\Program Files\nodejs\;C:\MinGW\bin;C:\Program Files\MySQL\MySQL Server 8.0\bin;C:\Program Files (x86)\sqlite3;C:\Program Files (x86)\Yarn\bin\;C:\Users\ASUS\AppData\Roaming\npm;C:\msys64\home\ASUS\.local\share\gem\ruby\3.3.0\bin;C:\Ruby32-x64\bin;C:\Ruby32-x64\msys64\usr\bin;C:\Program Files\Go\bin;C:\Program Files\k6\;C:\Ruby32-x64\bin;C:\RailsInstaller\Ruby3.1.2\bin;C:\Program Files (x86)\RailsInstaller\Ruby3.1.2\bin;C:\Users\ASUS\.pyenv\pyenv-win\bin;C:\Users\ASUS\.pyenv\pyenv-win\shims;C:\Program Files\MySQL\MySQL Shell 8.0\bin\;C:\Users\ASUS\AppData\Local\Programs\Python\Python38\Scripts\;C:\Users\ASUS\AppData\Local\Programs\Python\Python38\;C:\Users\ASUS\AppData\Local\Programs\Python\Python37-32\Scripts\;C:\Users\ASUS\AppData\Local\Programs\Python\Python37-32\;C:\Users\ASUS\AppData\Local\Programs\Python\Python38-32\Scripts\;C:\Users\ASUS\AppData\Local\Programs\Python\Python38-32\;C:\Users\ASUS\AppData\Local\Programs\Python\Python310\Scripts\;C:\Users\ASUS\AppData\Local\Programs\Python\Python310\;C:\Users\ASUS\AppData\Local\Microsoft\WindowsApps;C:\Program Files\sfdx\bin;C:\Program Files\JetBrains\PyCharm Community Edition 2022.2.1\bin;C:\Program Files\CMake\bin;C:\Users\ASUS\anaconda3\Scripts;C:\UsersASUS\anaconda3;C:\UsersASUS\anaconda3\Library\bin;C:\Users\ASUS\AppData\Roaming\Microsoft\Windows\Start Menu\Programs;C:\ProgramData\Anaconda3\Scripts;C:\Program Files\PostgreSQL\14\bin;C:\Users\ASUS\AppData\Local\Programs\Microsoft VS Code\bin;C:\Users\ASUS\Envs\ml2\Lib\site-packages\cv2;C:\Users\ASUS\AppData\Roaming\npm;C:\Users\ASUS\Downloads\protoc-22.0-win64\bin;C:\Users\ASUS\AppData\Local\Yarn\bin;C:\Users\ASUS\go\bin;C:\Program Files\Java\jdk-24\bin;C:\Program Files\JetBrains\IntelliJ IDEA Community Edition 2025.2.5\bin;C:\Users\ASUS\AppData\Local\Microsoft\WindowsApps;;.]
12-Jan-2026 08:57:26.497 INFO [main] org.apache.coyote.AbstractProtocol.init Initializing ProtocolHandler ["http-nio-8080"]
12-Jan-2026 08:57:26.523 INFO [main] org.apache.catalina.startup.Catalina.load Server initialization in [999] milliseconds
12-Jan-2026 08:57:26.597 INFO [main] org.apache.catalina.core.StandardService.startInternal Starting service [Catalina]
12-Jan-2026 08:57:26.597 INFO [main] org.apache.catalina.core.StandardEngine.startInternal Starting Servlet engine: [Apache Tomcat/9.0.112]
12-Jan-2026 08:57:26.616 INFO [main] org.apache.catalina.startup.HostConfig.deployDescriptor Deploying deployment descriptor [C:\Users\ASUS\OneDrive\Desktop\projects\Java\MyServletApp\conf\Catalina\localhost\MyServletApp.xml]
12-Jan-2026 08:57:27.466 INFO [main] org.apache.catalina.startup.HostConfig.deployDescriptor Deployment of deployment descriptor [C:\Users\ASUS\OneDrive\Desktop\projects\Java\MyServletApp\conf\Catalina\localhost\MyServletApp.xml] has finished in [848] ms
12-Jan-2026 08:57:27.474 INFO [main] org.apache.coyote.AbstractProtocol.start Starting ProtocolHandler ["http-nio-8080"]
12-Jan-2026 08:57:27.520 INFO [main] org.apache.catalina.startup.Catalina.start Server startup in [994] milliseconds
12-Jan-2026 08:59:25.151 INFO [Thread-1] org.apache.coyote.AbstractProtocol.pause Pausing ProtocolHandler ["http-nio-8080"]
12-Jan-2026 08:59:25.167 INFO [Thread-1] org.apache.catalina.core.StandardService.stopInternal Stopping service [Catalina]
12-Jan-2026 08:59:25.182 INFO [Thread-1] org.apache.coyote.AbstractProtocol.stop Stopping ProtocolHandler ["http-nio-8080"]
12-Jan-2026 08:59:25.191 INFO [Thread-1] org.apache.coyote.AbstractProtocol.destroy Destroying ProtocolHandler ["http-nio-8080"]
12-Jan-2026 08:59:35.789 INFO [main] org.apache.catalina.startup.VersionLoggerListener.log Server version name:   Apache Tomcat/9.0.112
12-Jan-2026 08:59:35.795 INFO [main] org.apache.catalina.startup.VersionLoggerListener.log Server built:          Nov 6 2025 07:46:18 UTC
12-Jan-2026 08:59:35.796 INFO [main] org.apache.catalina.startup.VersionLoggerListener.log Server version number: 9.0.112.0
12-Jan-2026 08:59:35.796 INFO [main] org.apache.catalina.startup.VersionLoggerListener.log OS Name:               Windows 11
12-Jan-2026 08:59:35.796 INFO [main] org.apache.catalina.startup.VersionLoggerListener.log OS Version:            10.0
12-Jan-2026 08:59:35.796 INFO [main] org.apache.catalina.startup.VersionLoggerListener.log Architecture:          amd64
12-Jan-2026 08:59:35.796 INFO [main] org.apache.catalina.startup.VersionLoggerListener.log Java Home:             C:\Program Files\Java\jdk-24
12-Jan-2026 08:59:35.797 INFO [main] org.apache.catalina.startup.VersionLoggerListener.log JVM Version:           24+36-3646
12-Jan-2026 08:59:35.797 INFO [main] org.apache.catalina.startup.VersionLoggerListener.log JVM Vendor:            Oracle Corporation
12-Jan-2026 08:59:35.797 INFO [main] org.apache.catalina.startup.VersionLoggerListener.log CATALINA_BASE:         C:\Users\ASUS\OneDrive\Desktop\projects\Java\MyServletApp
12-Jan-2026 08:59:35.797 INFO [main] org.apache.catalina.startup.VersionLoggerListener.log CATALINA_HOME:         C:\Users\ASUS\Downloads\apache-tomcat-9.0.112\apache-tomcat-9.0.112
12-Jan-2026 08:59:35.819 INFO [main] org.apache.catalina.startup.VersionLoggerListener.log Command line argument: --add-opens=java.base/java.lang=ALL-UNNAMED
12-Jan-2026 08:59:35.819 INFO [main] org.apache.catalina.startup.VersionLoggerListener.log Command line argument: --add-opens=java.base/java.io=ALL-UNNAMED
12-Jan-2026 08:59:35.820 INFO [main] org.apache.catalina.startup.VersionLoggerListener.log Command line argument: --add-opens=java.base/java.util=ALL-UNNAMED
12-Jan-2026 08:59:35.820 INFO [main] org.apache.catalina.startup.VersionLoggerListener.log Command line argument: --add-opens=java.base/java.util.concurrent=ALL-UNNAMED
12-Jan-2026 08:59:35.820 INFO [main] org.apache.catalina.startup.VersionLoggerListener.log Command line argument: --add-opens=java.rmi/sun.rmi.transport=ALL-UNNAMED
12-Jan-2026 08:59:35.820 INFO [main] org.apache.catalina.startup.VersionLoggerListener.log Command line argument: -Dcatalina.home=C:\Users\ASUS\Downloads\apache-tomcat-9.0.112\apache-tomcat-9.0.112
12-Jan-2026 08:59:35.820 INFO [main] org.apache.catalina.startup.VersionLoggerListener.log Command line argument: -Dcatalina.base=C:\Users\ASUS\OneDrive\Desktop\projects\Java\MyServletApp
12-Jan-2026 08:59:35.820 INFO [main] org.apache.catalina.startup.VersionLoggerListener.log Command line argument: -Djava.io.tmpdir=C:\Users\ASUS\OneDrive\Desktop\projects\Java\MyServletApp\temp
12-Jan-2026 08:59:35.821 INFO [main] org.apache.catalina.startup.VersionLoggerListener.log Command line argument: -Djava.util.logging.config.file=C:\Users\ASUS\OneDrive\Desktop\projects\Java\MyServletApp\conf\logging.properties
12-Jan-2026 08:59:35.821 INFO [main] org.apache.catalina.startup.VersionLoggerListener.log Command line argument: -Djava.util.logging.manager=org.apache.juli.ClassLoaderLogManager
12-Jan-2026 08:59:35.821 INFO [main] org.apache.catalina.startup.VersionLoggerListener.log Command line argument: -javaagent:C:\Program Files\JetBrains\IntelliJ IDEA Community Edition 2025.2.5\lib\idea_rt.jar=58317
12-Jan-2026 08:59:35.821 INFO [main] org.apache.catalina.startup.VersionLoggerListener.log Command line argument: -Dfile.encoding=UTF-8
12-Jan-2026 08:59:35.821 INFO [main] org.apache.catalina.startup.VersionLoggerListener.log Command line argument: -Dsun.stdout.encoding=UTF-8
12-Jan-2026 08:59:35.821 INFO [main] org.apache.catalina.startup.VersionLoggerListener.log Command line argument: -Dsun.stderr.encoding=UTF-8
12-Jan-2026 08:59:35.848 INFO [main] org.apache.catalina.core.AprLifecycleListener.lifecycleEvent The Apache Tomcat Native library which allows using OpenSSL was not found on the java.library.path: [C:\Program Files\Java\jdk-24\bin;C:\WINDOWS\Sun\Java\bin;C:\WINDOWS\system32;C:\WINDOWS;C:\Program Files\Common Files\Oracle\Java\javapath;C:\Program Files\Eclipse Adoptium\jdk-21.0.6.7-hotspot\bin;C:\Users\ASUS\AppData\Roaming\Microsoft\Windows\Start Menu\Programs\Python\Python39\Scripts;C:\WINDOWS;C:\WINDOWS\System32\Wbem;C:\WINDOWS\System32\WindowsPowerShell\v1.0\;C:\WINDOWS\System32\OpenSSH\;C:\Program Files\Git\cmd;C:\Program Files\Git\mingw64\bin;C:\Program Files\Git\usr\bin;C:\Program Files\CMake\bin;C:\WINDOWS\system32;C:\Program Files\nodejs\;C:\MinGW\bin;C:\Program Files\MySQL\MySQL Server 8.0\bin;C:\Program Files (x86)\sqlite3;C:\Program Files (x86)\Yarn\bin\;C:\Users\ASUS\AppData\Roaming\npm;C:\msys64\home\ASUS\.local\share\gem\ruby\3.3.0\bin;C:\Ruby32-x64\bin;C:\Ruby32-x64\msys64\usr\bin;C:\Program Files\Go\bin;C:\Program Files\k6\;C:\Ruby32-x64\bin;C:\RailsInstaller\Ruby3.1.2\bin;C:\Program Files (x86)\RailsInstaller\Ruby3.1.2\bin;C:\Users\ASUS\.pyenv\pyenv-win\bin;C:\Users\ASUS\.pyenv\pyenv-win\shims;C:\Program Files\MySQL\MySQL Shell 8.0\bin\;C:\Users\ASUS\AppData\Local\Programs\Python\Python38\Scripts\;C:\Users\ASUS\AppData\Local\Programs\Python\Python38\;C:\Users\ASUS\AppData\Local\Programs\Python\Python37-32\Scripts\;C:\Users\ASUS\AppData\Local\Programs\Python\Python37-32\;C:\Users\ASUS\AppData\Local\Programs\Python\Python38-32\Scripts\;C:\Users\ASUS\AppData\Local\Programs\Python\Python38-32\;C:\Users\ASUS\AppData\Local\Programs\Python\Python310\Scripts\;C:\Users\ASUS\AppData\Local\Programs\Python\Python310\;C:\Users\ASUS\AppData\Local\Microsoft\WindowsApps;C:\Program Files\sfdx\bin;C:\Program Files\JetBrains\PyCharm Community Edition 2022.2.1\bin;C:\Program Files\CMake\bin;C:\Users\ASUS\anaconda3\Scripts;C:\UsersASUS\anaconda3;C:\UsersASUS\anaconda3\Library\bin;C:\Users\ASUS\AppData\Roaming\Microsoft\Windows\Start Menu\Programs;C:\ProgramData\Anaconda3\Scripts;C:\Program Files\PostgreSQL\14\bin;C:\Users\ASUS\AppData\Local\Programs\Microsoft VS Code\bin;C:\Users\ASUS\Envs\ml2\Lib\site-packages\cv2;C:\Users\ASUS\AppData\Roaming\npm;C:\Users\ASUS\Downloads\protoc-22.0-win64\bin;C:\Users\ASUS\AppData\Local\Yarn\bin;C:\Users\ASUS\go\bin;C:\Program Files\Java\jdk-24\bin;C:\Program Files\JetBrains\IntelliJ IDEA Community Edition 2025.2.5\bin;C:\Users\ASUS\AppData\Local\Microsoft\WindowsApps;;.]
12-Jan-2026 08:59:36.453 INFO [main] org.apache.coyote.AbstractProtocol.init Initializing ProtocolHandler ["http-nio-8080"]
12-Jan-2026 08:59:36.481 INFO [main] org.apache.catalina.startup.Catalina.load Server initialization in [1033] milliseconds
12-Jan-2026 08:59:36.557 INFO [main] org.apache.catalina.core.StandardService.startInternal Starting service [Catalina]
12-Jan-2026 08:59:36.557 INFO [main] org.apache.catalina.core.StandardEngine.startInternal Starting Servlet engine: [Apache Tomcat/9.0.112]
12-Jan-2026 08:59:36.572 INFO [main] org.apache.catalina.startup.HostConfig.deployDescriptor Deploying deployment descriptor [C:\Users\ASUS\OneDrive\Desktop\projects\Java\MyServletApp\conf\Catalina\localhost\MyServletApp.xml]
12-Jan-2026 08:59:37.388 INFO [main] org.apache.catalina.startup.HostConfig.deployDescriptor Deployment of deployment descriptor [C:\Users\ASUS\OneDrive\Desktop\projects\Java\MyServletApp\conf\Catalina\localhost\MyServletApp.xml] has finished in [814] ms
12-Jan-2026 08:59:37.396 INFO [main] org.apache.coyote.AbstractProtocol.start Starting ProtocolHandler ["http-nio-8080"]
12-Jan-2026 08:59:37.443 INFO [main] org.apache.catalina.startup.Catalina.start Server startup in [958] milliseconds
12-Jan-2026 09:00:53.617 INFO [Thread-1] org.apache.coyote.AbstractProtocol.pause Pausing ProtocolHandler ["http-nio-8080"]
12-Jan-2026 09:00:53.631 INFO [Thread-1] org.apache.catalina.core.StandardService.stopInternal Stopping service [Catalina]
12-Jan-2026 09:00:53.644 INFO [Thread-1] org.apache.coyote.AbstractProtocol.stop Stopping ProtocolHandler ["http-nio-8080"]
12-Jan-2026 09:00:53.656 INFO [Thread-1] org.apache.coyote.AbstractProtocol.destroy Destroying ProtocolHandler ["http-nio-8080"]
12-Jan-2026 09:01:01.980 INFO [main] org.apache.catalina.startup.VersionLoggerListener.log Server version name:   Apache Tomcat/9.0.112
12-Jan-2026 09:01:01.986 INFO [main] org.apache.catalina.startup.VersionLoggerListener.log Server built:          Nov 6 2025 07:46:18 UTC
12-Jan-2026 09:01:01.986 INFO [main] org.apache.catalina.startup.VersionLoggerListener.log Server version number: 9.0.112.0
12-Jan-2026 09:01:01.986 INFO [main] org.apache.catalina.startup.VersionLoggerListener.log OS Name:               Windows 11
12-Jan-2026 09:01:01.986 INFO [main] org.apache.catalina.startup.VersionLoggerListener.log OS Version:            10.0
12-Jan-2026 09:01:01.986 INFO [main] org.apache.catalina.startup.VersionLoggerListener.log Architecture:          amd64
12-Jan-2026 09:01:01.987 INFO [main] org.apache.catalina.startup.VersionLoggerListener.log Java Home:             C:\Program Files\Java\jdk-24
12-Jan-2026 09:01:01.987 INFO [main] org.apache.catalina.startup.VersionLoggerListener.log JVM Version:           24+36-3646
12-Jan-2026 09:01:01.987 INFO [main] org.apache.catalina.startup.VersionLoggerListener.log JVM Vendor:            Oracle Corporation
12-Jan-2026 09:01:01.987 INFO [main] org.apache.catalina.startup.VersionLoggerListener.log CATALINA_BASE:         C:\Users\ASUS\OneDrive\Desktop\projects\Java\MyServletApp
12-Jan-2026 09:01:01.987 INFO [main] org.apache.catalina.startup.VersionLoggerListener.log CATALINA_HOME:         C:\Users\ASUS\Downloads\apache-tomcat-9.0.112\apache-tomcat-9.0.112
12-Jan-2026 09:01:02.002 INFO [main] org.apache.catalina.startup.VersionLoggerListener.log Command line argument: --add-opens=java.base/java.lang=ALL-UNNAMED
12-Jan-2026 09:01:02.002 INFO [main] org.apache.catalina.startup.VersionLoggerListener.log Command line argument: --add-opens=java.base/java.io=ALL-UNNAMED
12-Jan-2026 09:01:02.002 INFO [main] org.apache.catalina.startup.VersionLoggerListener.log Command line argument: --add-opens=java.base/java.util=ALL-UNNAMED
12-Jan-2026 09:01:02.002 INFO [main] org.apache.catalina.startup.VersionLoggerListener.log Command line argument: --add-opens=java.base/java.util.concurrent=ALL-UNNAMED
12-Jan-2026 09:01:02.002 INFO [main] org.apache.catalina.startup.VersionLoggerListener.log Command line argument: --add-opens=java.rmi/sun.rmi.transport=ALL-UNNAMED
12-Jan-2026 09:01:02.003 INFO [main] org.apache.catalina.startup.VersionLoggerListener.log Command line argument: -Dcatalina.home=C:\Users\ASUS\Downloads\apache-tomcat-9.0.112\apache-tomcat-9.0.112
12-Jan-2026 09:01:02.003 INFO [main] org.apache.catalina.startup.VersionLoggerListener.log Command line argument: -Dcatalina.base=C:\Users\ASUS\OneDrive\Desktop\projects\Java\MyServletApp
12-Jan-2026 09:01:02.003 INFO [main] org.apache.catalina.startup.VersionLoggerListener.log Command line argument: -Djava.io.tmpdir=C:\Users\ASUS\OneDrive\Desktop\projects\Java\MyServletApp\temp
12-Jan-2026 09:01:02.003 INFO [main] org.apache.catalina.startup.VersionLoggerListener.log Command line argument: -Djava.util.logging.config.file=C:\Users\ASUS\OneDrive\Desktop\projects\Java\MyServletApp\conf\logging.properties
12-Jan-2026 09:01:02.003 INFO [main] org.apache.catalina.startup.VersionLoggerListener.log Command line argument: -Djava.util.logging.manager=org.apache.juli.ClassLoaderLogManager
12-Jan-2026 09:01:02.003 INFO [main] org.apache.catalina.startup.VersionLoggerListener.log Command line argument: -javaagent:C:\Program Files\JetBrains\IntelliJ IDEA Community Edition 2025.2.5\lib\idea_rt.jar=49334
12-Jan-2026 09:01:02.003 INFO [main] org.apache.catalina.startup.VersionLoggerListener.log Command line argument: -Dfile.encoding=UTF-8
12-Jan-2026 09:01:02.003 INFO [main] org.apache.catalina.startup.VersionLoggerListener.log Command line argument: -Dsun.stdout.encoding=UTF-8
12-Jan-2026 09:01:02.003 INFO [main] org.apache.catalina.startup.VersionLoggerListener.log Command line argument: -Dsun.stderr.encoding=UTF-8
12-Jan-2026 09:01:02.036 INFO [main] org.apache.catalina.core.AprLifecycleListener.lifecycleEvent The Apache Tomcat Native library which allows using OpenSSL was not found on the java.library.path: [C:\Program Files\Java\jdk-24\bin;C:\WINDOWS\Sun\Java\bin;C:\WINDOWS\system32;C:\WINDOWS;C:\Program Files\Common Files\Oracle\Java\javapath;C:\Program Files\Eclipse Adoptium\jdk-21.0.6.7-hotspot\bin;C:\Users\ASUS\AppData\Roaming\Microsoft\Windows\Start Menu\Programs\Python\Python39\Scripts;C:\WINDOWS;C:\WINDOWS\System32\Wbem;C:\WINDOWS\System32\WindowsPowerShell\v1.0\;C:\WINDOWS\System32\OpenSSH\;C:\Program Files\Git\cmd;C:\Program Files\Git\mingw64\bin;C:\Program Files\Git\usr\bin;C:\Program Files\CMake\bin;C:\WINDOWS\system32;C:\Program Files\nodejs\;C:\MinGW\bin;C:\Program Files\MySQL\MySQL Server 8.0\bin;C:\Program Files (x86)\sqlite3;C:\Program Files (x86)\Yarn\bin\;C:\Users\ASUS\AppData\Roaming\npm;C:\msys64\home\ASUS\.local\share\gem\ruby\3.3.0\bin;C:\Ruby32-x64\bin;C:\Ruby32-x64\msys64\usr\bin;C:\Program Files\Go\bin;C:\Program Files\k6\;C:\Ruby32-x64\bin;C:\RailsInstaller\Ruby3.1.2\bin;C:\Program Files (x86)\RailsInstaller\Ruby3.1.2\bin;C:\Users\ASUS\.pyenv\pyenv-win\bin;C:\Users\ASUS\.pyenv\pyenv-win\shims;C:\Program Files\MySQL\MySQL Shell 8.0\bin\;C:\Users\ASUS\AppData\Local\Programs\Python\Python38\Scripts\;C:\Users\ASUS\AppData\Local\Programs\Python\Python38\;C:\Users\ASUS\AppData\Local\Programs\Python\Python37-32\Scripts\;C:\Users\ASUS\AppData\Local\Programs\Python\Python37-32\;C:\Users\ASUS\AppData\Local\Programs\Python\Python38-32\Scripts\;C:\Users\ASUS\AppData\Local\Programs\Python\Python38-32\;C:\Users\ASUS\AppData\Local\Programs\Python\Python310\Scripts\;C:\Users\ASUS\AppData\Local\Programs\Python\Python310\;C:\Users\ASUS\AppData\Local\Microsoft\WindowsApps;C:\Program Files\sfdx\bin;C:\Program Files\JetBrains\PyCharm Community Edition 2022.2.1\bin;C:\Program Files\CMake\bin;C:\Users\ASUS\anaconda3\Scripts;C:\UsersASUS\anaconda3;C:\UsersASUS\anaconda3\Library\bin;C:\Users\ASUS\AppData\Roaming\Microsoft\Windows\Start Menu\Programs;C:\ProgramData\Anaconda3\Scripts;C:\Program Files\PostgreSQL\14\bin;C:\Users\ASUS\AppData\Local\Programs\Microsoft VS Code\bin;C:\Users\ASUS\Envs\ml2\Lib\site-packages\cv2;C:\Users\ASUS\AppData\Roaming\npm;C:\Users\ASUS\Downloads\protoc-22.0-win64\bin;C:\Users\ASUS\AppData\Local\Yarn\bin;C:\Users\ASUS\go\bin;C:\Program Files\Java\jdk-24\bin;C:\Program Files\JetBrains\IntelliJ IDEA Community Edition 2025.2.5\bin;C:\Users\ASUS\AppData\Local\Microsoft\WindowsApps;;.]
12-Jan-2026 09:01:02.715 INFO [main] org.apache.coyote.AbstractProtocol.init Initializing ProtocolHandler ["http-nio-8080"]
12-Jan-2026 09:01:02.744 INFO [main] org.apache.catalina.startup.Catalina.load Server initialization in [1084] milliseconds
12-Jan-2026 09:01:02.827 INFO [main] org.apache.catalina.core.StandardService.startInternal Starting service [Catalina]
12-Jan-2026 09:01:02.827 INFO [main] org.apache.catalina.core.StandardEngine.startInternal Starting Servlet engine: [Apache Tomcat/9.0.112]
12-Jan-2026 09:01:02.845 INFO [main] org.apache.catalina.startup.HostConfig.deployDescriptor Deploying deployment descriptor [C:\Users\ASUS\OneDrive\Desktop\projects\Java\MyServletApp\conf\Catalina\localhost\MyServletApp.xml]
12-Jan-2026 09:01:03.699 INFO [main] org.apache.catalina.startup.HostConfig.deployDescriptor Deployment of deployment descriptor [C:\Users\ASUS\OneDrive\Desktop\projects\Java\MyServletApp\conf\Catalina\localhost\MyServletApp.xml] has finished in [852] ms
12-Jan-2026 09:01:03.706 INFO [main] org.apache.coyote.AbstractProtocol.start Starting ProtocolHandler ["http-nio-8080"]
12-Jan-2026 09:01:03.751 INFO [main] org.apache.catalina.startup.Catalina.start Server startup in [1003] milliseconds
